2016-03-08 13:03:24,192 INFO  - Starting HiveMQ Server
2016-03-08 13:03:24,207 INFO  - HiveMQ version: 3.1.0
2016-03-08 13:03:24,211 INFO  - HiveMQ home directory: C:\Users\Kevin\Downloads\hivemq-3.1.0
2016-03-08 13:03:24,664 INFO  - This node's cluster-ID is 25lGH
2016-03-08 13:03:25,228 WARN  - Could not open/create prefs root node Software\JavaSoft\Prefs at root 0x80000002. Windows RegCreateKeyEx(...) returned error code 5.
2016-03-08 13:03:36,877 INFO  - Loaded Plugin HiveMQ JMX Metrics Reporting Plugin - v3.0.0
2016-03-08 13:03:36,883 INFO  - Loaded Plugin HiveMQ Sys Topic Plugin - v3.0.0
2016-03-08 13:03:36,927 INFO  - JMX Metrics Reporting started.
2016-03-08 13:03:36,949 INFO  - Starting TCP listener on address 0.0.0.0 and port 1883
2016-03-08 13:03:37,179 INFO  - Started TCP Listener on address 0.0.0.0 and on port 1883
2016-03-08 13:03:37,187 INFO  - Started HiveMQ in 12984ms
2016-03-08 13:10:36,845 INFO  - Starting HiveMQ Server
2016-03-08 13:10:36,860 INFO  - HiveMQ version: 3.1.0
2016-03-08 13:10:36,860 INFO  - HiveMQ home directory: C:\Users\Kevin\Downloads\hivemq-3.1.0
2016-03-08 13:10:37,302 INFO  - This node's cluster-ID is XxkEZ
2016-03-08 13:10:37,747 WARN  - Could not open/create prefs root node Software\JavaSoft\Prefs at root 0x80000002. Windows RegCreateKeyEx(...) returned error code 5.
2016-03-08 13:10:47,558 INFO  - Loaded Plugin HiveMQ JMX Metrics Reporting Plugin - v3.0.0
2016-03-08 13:10:47,562 INFO  - Loaded Plugin HiveMQ Sys Topic Plugin - v3.0.0
2016-03-08 13:10:47,600 INFO  - JMX Metrics Reporting started.
2016-03-08 13:10:47,615 INFO  - Starting TCP listener on address 0.0.0.0 and port 1883
2016-03-08 13:10:47,830 INFO  - Started TCP Listener on address 0.0.0.0 and on port 1883
2016-03-08 13:10:47,835 INFO  - Started HiveMQ in 10968ms
2016-03-08 13:17:53,430 INFO  - Starting HiveMQ Server
2016-03-08 13:17:53,524 INFO  - HiveMQ version: 3.1.0
2016-03-08 13:17:53,540 INFO  - HiveMQ home directory: C:\Users\Kevin\Downloads\hivemq-3.1.0
2016-03-08 13:17:54,805 INFO  - This node's cluster-ID is 0jCpn
2016-03-08 13:18:13,233 INFO  - Loaded Plugin HiveMQ JMX Metrics Reporting Plugin - v3.0.0
2016-03-08 13:18:13,249 INFO  - Loaded Plugin HiveMQ Sys Topic Plugin - v3.0.0
2016-03-08 13:18:13,358 INFO  - JMX Metrics Reporting started.
2016-03-08 13:18:13,421 INFO  - Starting TCP listener on address 0.0.0.0 and port 1883
2016-03-08 13:18:13,780 INFO  - Started TCP Listener on address 0.0.0.0 and on port 1883
2016-03-08 13:18:13,796 INFO  - Started HiveMQ in 20315ms
2016-03-08 13:26:18,262 INFO  - Starting HiveMQ Server
2016-03-08 13:26:18,278 INFO  - HiveMQ version: 3.1.0
2016-03-08 13:26:18,284 INFO  - HiveMQ home directory: C:\Users\Kevin\Downloads\hivemq-3.1.0
2016-03-08 13:26:18,727 INFO  - This node's cluster-ID is QTDTm
2016-03-08 13:26:29,344 INFO  - Loaded Plugin HiveMQ JMX Metrics Reporting Plugin - v3.0.0
2016-03-08 13:26:29,349 INFO  - Loaded Plugin HiveMQ Sys Topic Plugin - v3.0.0
2016-03-08 13:26:29,387 INFO  - JMX Metrics Reporting started.
2016-03-08 13:26:29,402 INFO  - Starting TCP listener on address 0.0.0.0 and port 1883
2016-03-08 13:26:29,636 INFO  - Started TCP Listener on address 0.0.0.0 and on port 1883
2016-03-08 13:26:29,642 INFO  - Started HiveMQ in 11366ms
2016-03-08 13:41:21,099 INFO  - No valid license file found. Using evaluation license, restricted to 25 connections.
2016-03-08 14:03:09,084 INFO  - Starting HiveMQ Server
2016-03-08 14:03:09,096 INFO  - HiveMQ version: 3.1.0
2016-03-08 14:03:09,100 INFO  - HiveMQ home directory: C:\Users\Kevin\Downloads\hivemq-3.1.0
2016-03-08 14:03:09,544 INFO  - This node's cluster-ID is kvOI9
2016-03-08 14:03:20,023 INFO  - Loaded Plugin HiveMQ JMX Metrics Reporting Plugin - v3.0.0
2016-03-08 14:03:20,029 INFO  - Loaded Plugin HiveMQ Sys Topic Plugin - v3.0.0
2016-03-08 14:03:20,075 INFO  - JMX Metrics Reporting started.
2016-03-08 14:03:20,094 INFO  - Starting TCP listener on address 0.0.0.0 and port 1883
2016-03-08 14:03:20,338 INFO  - Started TCP Listener on address 0.0.0.0 and on port 1883
2016-03-08 14:03:20,344 INFO  - Started HiveMQ in 11250ms
2016-03-08 14:03:24,539 INFO  - No valid license file found. Using evaluation license, restricted to 25 connections.
2016-03-08 14:21:33,669 INFO  - Starting HiveMQ Server
2016-03-08 14:21:33,681 INFO  - HiveMQ version: 3.1.0
2016-03-08 14:21:33,685 INFO  - HiveMQ home directory: C:\Users\Kevin\Downloads\hivemq-3.1.0
2016-03-08 14:21:34,132 INFO  - This node's cluster-ID is nG76b
2016-03-08 14:21:44,275 INFO  - Loaded Plugin HiveMQ JMX Metrics Reporting Plugin - v3.0.0
2016-03-08 14:21:44,281 INFO  - Loaded Plugin HiveMQ Sys Topic Plugin - v3.0.0
2016-03-08 14:21:44,287 INFO  - Loaded Plugin HiveMQ MQTT Message Log Plugin - v3.0.0
2016-03-08 14:21:44,323 INFO  - JMX Metrics Reporting started.
2016-03-08 14:21:44,341 INFO  - Starting TCP listener on address 0.0.0.0 and port 1883
2016-03-08 14:21:44,535 INFO  - Started TCP Listener on address 0.0.0.0 and on port 1883
2016-03-08 14:21:44,543 INFO  - Started HiveMQ in 10865ms
2016-03-08 14:21:53,687 INFO  - No valid license file found. Using evaluation license, restricted to 25 connections.
2016-03-08 14:21:53,754 INFO  - Client C4-8E-8F-B0-48-13-pub connected
2016-03-08 14:21:53,758 INFO  - Client C4-8E-8F-B0-48-13-pub set Last Will and Testament. Topic: "home/LWT", Payload: "[73, 39, 109, 32, 103, 111, 110, 101, 32, 58, 40]", QoS: 0, retain: false
2016-03-08 14:21:54,072 INFO  - Client C4-8E-8F-B0-48-13-pub sent a message to topic "home/brightness": "32%" (QoS: 1, retained: false)
2016-03-08 14:21:54,633 INFO  - Client C4-8E-8F-B0-48-13-pub sent a message to topic "home/temperature": "25?C" (QoS: 1, retained: false)
2016-03-08 14:21:59,747 INFO  - Client C4-8E-8F-B0-48-13-pub sent a message to topic "home/brightness": "41%" (QoS: 1, retained: false)
2016-03-08 14:22:00,398 INFO  - Client C4-8E-8F-B0-48-13-pub sent a message to topic "home/temperature": "23?C" (QoS: 1, retained: false)
2016-03-08 14:22:05,505 INFO  - Client C4-8E-8F-B0-48-13-pub sent a message to topic "home/brightness": "21%" (QoS: 1, retained: false)
2016-03-08 14:22:06,064 INFO  - Client C4-8E-8F-B0-48-13-pub sent a message to topic "home/temperature": "22?C" (QoS: 1, retained: false)
2016-03-08 14:22:06,529 INFO  - Client C4-8E-8F-B0-48-13-sub connected
2016-03-08 14:22:06,585 INFO  - Subscribe from client C4-8E-8F-B0-48-13-sub received: home/temperature QoS: 1
2016-03-08 14:22:11,134 INFO  - Client C4-8E-8F-B0-48-13-pub sent a message to topic "home/brightness": "15%" (QoS: 1, retained: false)
2016-03-08 14:22:11,741 INFO  - Client C4-8E-8F-B0-48-13-pub sent a message to topic "home/temperature": "29?C" (QoS: 1, retained: false)
2016-03-08 14:22:16,817 INFO  - Client C4-8E-8F-B0-48-13-pub sent a message to topic "home/brightness": "70%" (QoS: 1, retained: false)
2016-03-08 14:22:17,427 INFO  - Client C4-8E-8F-B0-48-13-pub sent a message to topic "home/temperature": "29?C" (QoS: 1, retained: false)
2016-03-08 14:22:22,542 INFO  - Client C4-8E-8F-B0-48-13-pub sent a message to topic "home/brightness": "75%" (QoS: 1, retained: false)
2016-03-08 14:22:23,179 INFO  - Client C4-8E-8F-B0-48-13-pub sent a message to topic "home/temperature": "23?C" (QoS: 1, retained: false)
2016-03-08 14:22:28,253 INFO  - Client C4-8E-8F-B0-48-13-pub sent a message to topic "home/brightness": "99%" (QoS: 1, retained: false)
2016-03-08 14:22:28,786 INFO  - Client C4-8E-8F-B0-48-13-pub sent a message to topic "home/temperature": "24?C" (QoS: 1, retained: false)
2016-03-08 14:22:33,885 INFO  - Client C4-8E-8F-B0-48-13-pub sent a message to topic "home/brightness": "51%" (QoS: 1, retained: false)
2016-03-08 14:22:34,440 INFO  - Client C4-8E-8F-B0-48-13-pub sent a message to topic "home/temperature": "28?C" (QoS: 1, retained: false)
2016-03-08 14:22:39,495 INFO  - Client C4-8E-8F-B0-48-13-pub sent a message to topic "home/brightness": "61%" (QoS: 1, retained: false)
2016-03-08 14:22:40,086 INFO  - Client C4-8E-8F-B0-48-13-pub sent a message to topic "home/temperature": "25?C" (QoS: 1, retained: false)
2016-03-08 14:22:45,144 INFO  - Client C4-8E-8F-B0-48-13-pub sent a message to topic "home/brightness": "96%" (QoS: 1, retained: false)
2016-03-08 14:22:45,708 INFO  - Client C4-8E-8F-B0-48-13-pub sent a message to topic "home/temperature": "23?C" (QoS: 1, retained: false)
2016-03-08 14:22:50,836 INFO  - Client C4-8E-8F-B0-48-13-pub sent a message to topic "home/brightness": "86%" (QoS: 1, retained: false)
2016-03-08 14:22:51,461 INFO  - Client C4-8E-8F-B0-48-13-pub sent a message to topic "home/temperature": "25?C" (QoS: 1, retained: false)
2016-03-08 14:22:52,095 INFO  - Client C4-8E-8F-B0-48-13-sub disconnected
2016-03-08 14:22:56,571 INFO  - Client C4-8E-8F-B0-48-13-pub sent a message to topic "home/brightness": "24%" (QoS: 1, retained: false)
2016-03-08 14:22:57,180 INFO  - Client C4-8E-8F-B0-48-13-pub sent a message to topic "home/temperature": "26?C" (QoS: 1, retained: false)
2016-03-08 14:22:58,808 INFO  - Client C4-8E-8F-B0-48-13-pub disconnected
2016-03-08 14:25:23,071 INFO  - Client C4-8E-8F-B0-48-13-pub connected
2016-03-08 14:25:23,071 INFO  - Client C4-8E-8F-B0-48-13-pub set Last Will and Testament. Topic: "home/LWT", Payload: "[73, 39, 109, 32, 103, 111, 110, 101, 32, 58, 40]", QoS: 0, retain: false
2016-03-08 14:25:23,223 INFO  - Client C4-8E-8F-B0-48-13-pub sent a message to topic "home/brightness": "13%" (QoS: 1, retained: false)
2016-03-08 14:25:23,841 INFO  - Client C4-8E-8F-B0-48-13-pub sent a message to topic "home/temperature": "29?C" (QoS: 1, retained: false)
2016-03-08 14:25:28,898 INFO  - Client C4-8E-8F-B0-48-13-pub sent a message to topic "home/brightness": "8%" (QoS: 1, retained: false)
2016-03-08 14:25:29,459 INFO  - Client C4-8E-8F-B0-48-13-pub sent a message to topic "home/temperature": "30?C" (QoS: 1, retained: false)
2016-03-08 14:25:30,870 INFO  - Client C4-8E-8F-B0-48-13-pub disconnected
2016-03-08 14:25:35,069 INFO  - Client C4-8E-8F-B0-48-13-pub connected
2016-03-08 14:25:35,086 INFO  - Client C4-8E-8F-B0-48-13-pub set Last Will and Testament. Topic: "home/LWT", Payload: "[73, 39, 109, 32, 103, 111, 110, 101, 32, 58, 40]", QoS: 0, retain: false
2016-03-08 14:25:35,269 INFO  - Client C4-8E-8F-B0-48-13-pub sent a message to topic "home/brightness": "32%" (QoS: 1, retained: false)
2016-03-08 14:25:35,873 INFO  - Client C4-8E-8F-B0-48-13-pub sent a message to topic "home/temperature": "23?C" (QoS: 1, retained: false)
2016-03-08 14:25:38,791 INFO  - Client C4-8E-8F-B0-48-13-sub connected
2016-03-08 14:25:38,859 INFO  - Subscribe from client C4-8E-8F-B0-48-13-sub received: home/temperature QoS: 1
2016-03-08 14:25:40,924 INFO  - Client C4-8E-8F-B0-48-13-pub sent a message to topic "home/brightness": "33%" (QoS: 1, retained: false)
2016-03-08 14:25:41,486 INFO  - Client C4-8E-8F-B0-48-13-pub sent a message to topic "home/temperature": "22?C" (QoS: 1, retained: false)
2016-03-08 14:25:46,532 INFO  - Client C4-8E-8F-B0-48-13-pub sent a message to topic "home/brightness": "89%" (QoS: 1, retained: false)
2016-03-08 14:25:47,080 INFO  - Client C4-8E-8F-B0-48-13-pub sent a message to topic "home/temperature": "20?C" (QoS: 1, retained: false)
2016-03-08 14:25:52,226 INFO  - Client C4-8E-8F-B0-48-13-pub sent a message to topic "home/brightness": "73%" (QoS: 1, retained: false)
2016-03-08 14:25:52,861 INFO  - Client C4-8E-8F-B0-48-13-pub sent a message to topic "home/temperature": "29?C" (QoS: 1, retained: false)
2016-03-08 14:25:57,899 INFO  - Client C4-8E-8F-B0-48-13-pub sent a message to topic "home/brightness": "78%" (QoS: 1, retained: false)
2016-03-08 14:25:58,502 INFO  - Client C4-8E-8F-B0-48-13-pub sent a message to topic "home/temperature": "27?C" (QoS: 1, retained: false)
2016-03-08 14:26:03,557 INFO  - Client C4-8E-8F-B0-48-13-pub sent a message to topic "home/brightness": "80%" (QoS: 1, retained: false)
2016-03-08 14:26:04,124 INFO  - Client C4-8E-8F-B0-48-13-pub sent a message to topic "home/temperature": "26?C" (QoS: 1, retained: false)
2016-03-08 14:26:08,823 INFO  - Client C4-8E-8F-B0-48-13-sub disconnected
2016-03-08 14:26:09,177 INFO  - Client C4-8E-8F-B0-48-13-pub sent a message to topic "home/brightness": "8%" (QoS: 1, retained: false)
2016-03-08 14:26:09,756 INFO  - Client C4-8E-8F-B0-48-13-pub sent a message to topic "home/temperature": "26?C" (QoS: 1, retained: false)
2016-03-08 14:26:10,092 INFO  - Client C4-8E-8F-B0-48-13-pub disconnected
2016-03-08 14:27:43,380 INFO  - Starting HiveMQ Server
2016-03-08 14:27:43,401 INFO  - HiveMQ version: 3.1.0
2016-03-08 14:27:43,413 INFO  - HiveMQ home directory: C:\Users\Kevin\Downloads\hivemq-3.1.0
2016-03-08 14:27:43,987 INFO  - This node's cluster-ID is S8bn6
2016-03-08 14:27:55,696 INFO  - Loaded Plugin HiveMQ JMX Metrics Reporting Plugin - v3.0.0
2016-03-08 14:27:55,702 INFO  - Loaded Plugin HiveMQ Sys Topic Plugin - v3.0.0
2016-03-08 14:27:55,707 INFO  - Loaded Plugin HiveMQ MQTT Message Log Plugin - v3.0.0
2016-03-08 14:27:55,759 INFO  - JMX Metrics Reporting started.
2016-03-08 14:27:55,773 INFO  - Starting TCP listener on address 0.0.0.0 and port 1883
2016-03-08 14:27:56,014 INFO  - Started TCP Listener on address 0.0.0.0 and on port 1883
2016-03-08 14:27:56,020 INFO  - Started HiveMQ in 12625ms
2016-03-08 14:37:38,665 INFO  - Starting HiveMQ Server
2016-03-08 14:37:38,667 INFO  - HiveMQ version: 3.1.0
2016-03-08 14:37:38,667 INFO  - HiveMQ home directory: C:\Users\Kevin\Downloads\hivemq-3.1.0
2016-03-08 14:37:39,131 INFO  - This node's cluster-ID is XgRSq
2016-03-08 14:37:49,418 INFO  - Loaded Plugin HiveMQ JMX Metrics Reporting Plugin - v3.0.0
2016-03-08 14:37:49,423 INFO  - Loaded Plugin HiveMQ Sys Topic Plugin - v3.0.0
2016-03-08 14:37:49,428 INFO  - Loaded Plugin HiveMQ MQTT Message Log Plugin - v3.0.0
2016-03-08 14:37:49,458 INFO  - JMX Metrics Reporting started.
2016-03-08 14:37:49,458 INFO  - Starting TCP listener on address 0.0.0.0 and port 1883
2016-03-08 14:37:49,620 INFO  - Started TCP Listener on address 0.0.0.0 and on port 1883
2016-03-08 14:37:49,636 INFO  - Started HiveMQ in 10964ms
2016-03-08 14:37:54,966 INFO  - No valid license file found. Using evaluation license, restricted to 25 connections.
2016-03-08 14:37:55,019 INFO  - Client C4-8E-8F-B0-48-13-pub connected
2016-03-08 14:37:55,019 INFO  - Client C4-8E-8F-B0-48-13-pub set Last Will and Testament. Topic: "home/LWT", Payload: "[73, 39, 109, 32, 103, 111, 110, 101, 32, 58, 40]", QoS: 0, retain: false
2016-03-08 14:37:55,244 INFO  - Client C4-8E-8F-B0-48-13-pub sent a message to topic "home/brightness": "71%" (QoS: 1, retained: false)
2016-03-08 14:37:55,803 INFO  - Client C4-8E-8F-B0-48-13-pub sent a message to topic "home/temperature": "20?C" (QoS: 1, retained: false)
2016-03-08 14:37:59,779 INFO  - Client C4-8E-8F-B0-48-13-sub connected
2016-03-08 14:37:59,863 INFO  - Subscribe from client C4-8E-8F-B0-48-13-sub received: home/temperature QoS: 1
2016-03-08 14:38:00,994 INFO  - Client C4-8E-8F-B0-48-13-pub sent a message to topic "home/brightness": "34%" (QoS: 1, retained: false)
2016-03-08 14:38:01,589 INFO  - Client C4-8E-8F-B0-48-13-pub sent a message to topic "home/temperature": "21?C" (QoS: 1, retained: false)
2016-03-08 14:38:06,672 INFO  - Client C4-8E-8F-B0-48-13-pub sent a message to topic "home/brightness": "33%" (QoS: 1, retained: false)
2016-03-08 14:38:07,237 INFO  - Client C4-8E-8F-B0-48-13-pub sent a message to topic "home/temperature": "23?C" (QoS: 1, retained: false)
2016-03-08 14:38:08,414 INFO  - Client C4-8E-8F-B0-48-13-sub disconnected
2016-03-08 14:38:12,318 INFO  - Client C4-8E-8F-B0-48-13-pub sent a message to topic "home/brightness": "6%" (QoS: 1, retained: false)
2016-03-08 14:38:12,930 INFO  - Client C4-8E-8F-B0-48-13-pub sent a message to topic "home/temperature": "26?C" (QoS: 1, retained: false)
2016-03-08 14:38:18,074 INFO  - Client C4-8E-8F-B0-48-13-pub sent a message to topic "home/brightness": "85%" (QoS: 1, retained: false)
2016-03-08 14:38:18,714 INFO  - Client C4-8E-8F-B0-48-13-pub sent a message to topic "home/temperature": "24?C" (QoS: 1, retained: false)
2016-03-08 14:38:22,004 INFO  - Client C4-8E-8F-B0-48-13-pub disconnected
2016-03-08 14:39:48,399 INFO  - Client C4-8E-8F-B0-48-13-pub connected
2016-03-08 14:39:48,399 INFO  - Client C4-8E-8F-B0-48-13-pub set Last Will and Testament. Topic: "home/LWT", Payload: "[73, 39, 109, 32, 103, 111, 110, 101, 32, 58, 40]", QoS: 0, retain: false
2016-03-08 14:39:48,840 INFO  - Client C4-8E-8F-B0-48-13-pub sent a message to topic "home/brightness": "23%" (QoS: 1, retained: false)
2016-03-08 14:39:49,432 INFO  - Client C4-8E-8F-B0-48-13-pub sent a message to topic "home/temperature": "28?C" (QoS: 1, retained: false)
2016-03-08 14:39:53,446 INFO  - Client C4-8E-8F-B0-48-13-sub connected
2016-03-08 14:39:53,531 INFO  - Subscribe from client C4-8E-8F-B0-48-13-sub received: home/temperature QoS: 1
2016-03-08 14:39:54,615 INFO  - Client C4-8E-8F-B0-48-13-pub sent a message to topic "home/brightness": "1%" (QoS: 1, retained: false)
2016-03-08 14:39:55,183 INFO  - Client C4-8E-8F-B0-48-13-pub sent a message to topic "home/temperature": "20?C" (QoS: 1, retained: false)
2016-03-08 14:40:00,296 INFO  - Client C4-8E-8F-B0-48-13-pub sent a message to topic "home/brightness": "92%" (QoS: 1, retained: false)
2016-03-08 14:40:00,925 INFO  - Client C4-8E-8F-B0-48-13-pub sent a message to topic "home/temperature": "22?C" (QoS: 1, retained: false)
2016-03-08 14:40:05,990 INFO  - Client C4-8E-8F-B0-48-13-pub sent a message to topic "home/brightness": "63%" (QoS: 1, retained: false)
2016-03-08 14:40:06,658 INFO  - Client C4-8E-8F-B0-48-13-pub sent a message to topic "home/temperature": "24?C" (QoS: 1, retained: false)
2016-03-08 14:40:07,111 INFO  - Client C4-8E-8F-B0-48-13-sub disconnected
2016-03-08 14:40:08,926 INFO  - Client C4-8E-8F-B0-48-13-pub disconnected
2016-03-08 14:42:25,958 INFO  - Client C4-8E-8F-B0-48-13-pub connected
2016-03-08 14:42:25,958 INFO  - Client C4-8E-8F-B0-48-13-pub set Last Will and Testament. Topic: "home/LWT", Payload: "[73, 39, 109, 32, 103, 111, 110, 101, 32, 58, 40]", QoS: 0, retain: false
2016-03-08 14:42:26,173 INFO  - Client C4-8E-8F-B0-48-13-pub sent a message to topic "home/brightness": "36%" (QoS: 1, retained: false)
2016-03-08 14:42:26,747 INFO  - Client C4-8E-8F-B0-48-13-pub sent a message to topic "home/temperature": "23?C" (QoS: 1, retained: false)
2016-03-08 14:42:29,815 INFO  - Client C4-8E-8F-B0-48-13-sub connected
2016-03-08 14:42:29,862 INFO  - Subscribe from client C4-8E-8F-B0-48-13-sub received: home/temperature QoS: 1
2016-03-08 14:42:31,869 INFO  - Client C4-8E-8F-B0-48-13-pub sent a message to topic "home/brightness": "26%" (QoS: 1, retained: false)
2016-03-08 14:42:32,468 INFO  - Client C4-8E-8F-B0-48-13-pub sent a message to topic "home/temperature": "20?C" (QoS: 1, retained: false)
2016-03-08 14:42:37,544 INFO  - Client C4-8E-8F-B0-48-13-pub sent a message to topic "home/brightness": "77%" (QoS: 1, retained: false)
2016-03-08 14:42:38,152 INFO  - Client C4-8E-8F-B0-48-13-pub sent a message to topic "home/temperature": "27?C" (QoS: 1, retained: false)
2016-03-08 14:42:42,790 INFO  - Client C4-8E-8F-B0-48-13-sub disconnected
2016-03-08 14:42:43,238 INFO  - Client C4-8E-8F-B0-48-13-pub sent a message to topic "home/brightness": "42%" (QoS: 1, retained: false)
2016-03-08 14:42:43,885 INFO  - Client C4-8E-8F-B0-48-13-pub sent a message to topic "home/temperature": "22?C" (QoS: 1, retained: false)
2016-03-08 14:42:43,920 INFO  - Client C4-8E-8F-B0-48-13-pub disconnected
2016-03-08 14:52:36,243 INFO  - Starting HiveMQ Server
2016-03-08 14:52:36,253 INFO  - HiveMQ version: 3.1.0
2016-03-08 14:52:36,257 INFO  - HiveMQ home directory: C:\Users\Kevin\Downloads\hivemq-3.1.0
2016-03-08 14:52:36,713 INFO  - This node's cluster-ID is 4krNw
2016-03-08 14:52:47,277 INFO  - Loaded Plugin HiveMQ JMX Metrics Reporting Plugin - v3.0.0
2016-03-08 14:52:47,282 INFO  - Loaded Plugin HiveMQ Sys Topic Plugin - v3.0.0
2016-03-08 14:52:47,287 INFO  - Loaded Plugin HiveMQ MQTT Message Log Plugin - v3.0.0
2016-03-08 14:52:47,326 INFO  - JMX Metrics Reporting started.
2016-03-08 14:52:47,341 INFO  - Starting TCP listener on address 0.0.0.0 and port 1883
2016-03-08 14:52:47,544 INFO  - Started TCP Listener on address 0.0.0.0 and on port 1883
2016-03-08 14:52:47,551 INFO  - Started HiveMQ in 11300ms
2016-03-08 14:52:54,329 INFO  - No valid license file found. Using evaluation license, restricted to 25 connections.
2016-03-08 14:52:54,377 INFO  - Client C4-8E-8F-B0-48-13-pub connected
2016-03-08 14:52:54,381 INFO  - Client C4-8E-8F-B0-48-13-pub set Last Will and Testament. Topic: "home/LWT", Payload: "[73, 39, 109, 32, 103, 111, 110, 101, 32, 58, 40]", QoS: 0, retain: false
2016-03-08 14:52:54,610 INFO  - Client C4-8E-8F-B0-48-13-pub sent a message to topic "home/brightness": "5%" (QoS: 1, retained: false)
2016-03-08 14:52:55,313 INFO  - Client C4-8E-8F-B0-48-13-pub sent a message to topic "home/temperature": "29?C" (QoS: 1, retained: false)
2016-03-08 14:53:00,456 INFO  - Client C4-8E-8F-B0-48-13-pub sent a message to topic "home/brightness": "20%" (QoS: 1, retained: false)
2016-03-08 14:53:01,083 INFO  - Client C4-8E-8F-B0-48-13-pub sent a message to topic "home/temperature": "25?C" (QoS: 1, retained: false)
2016-03-08 14:53:01,662 INFO  - Client C4-8E-8F-B0-48-13-sub connected
2016-03-08 14:53:01,742 INFO  - Subscribe from client C4-8E-8F-B0-48-13-sub received: home/temperature QoS: 1
2016-03-08 14:53:06,164 INFO  - Client C4-8E-8F-B0-48-13-pub sent a message to topic "home/brightness": "22%" (QoS: 1, retained: false)
2016-03-08 14:53:06,783 INFO  - Client C4-8E-8F-B0-48-13-pub sent a message to topic "home/temperature": "29?C" (QoS: 1, retained: false)
2016-03-08 14:53:11,912 INFO  - Client C4-8E-8F-B0-48-13-pub sent a message to topic "home/brightness": "37%" (QoS: 1, retained: false)
2016-03-08 14:53:12,488 INFO  - Client C4-8E-8F-B0-48-13-pub sent a message to topic "home/temperature": "29?C" (QoS: 1, retained: false)
2016-03-08 14:53:17,562 INFO  - Client C4-8E-8F-B0-48-13-pub sent a message to topic "home/brightness": "79%" (QoS: 1, retained: false)
2016-03-08 14:53:18,187 INFO  - Client C4-8E-8F-B0-48-13-pub sent a message to topic "home/temperature": "29?C" (QoS: 1, retained: false)
2016-03-08 14:53:23,248 INFO  - Client C4-8E-8F-B0-48-13-pub sent a message to topic "home/brightness": "22%" (QoS: 1, retained: false)
2016-03-08 14:53:23,873 INFO  - Client C4-8E-8F-B0-48-13-pub sent a message to topic "home/temperature": "25?C" (QoS: 1, retained: false)
2016-03-08 14:53:27,895 INFO  - Client C4-8E-8F-B0-48-13-sub disconnected
2016-03-08 14:53:28,952 INFO  - Client C4-8E-8F-B0-48-13-pub sent a message to topic "home/brightness": "9%" (QoS: 1, retained: false)
2016-03-08 14:53:29,614 INFO  - Client C4-8E-8F-B0-48-13-pub sent a message to topic "home/temperature": "21?C" (QoS: 1, retained: false)
2016-03-08 14:53:34,748 INFO  - Client C4-8E-8F-B0-48-13-pub sent a message to topic "home/brightness": "82%" (QoS: 1, retained: false)
2016-03-08 14:53:35,030 INFO  - Client C4-8E-8F-B0-48-13-pub disconnected
2016-03-08 14:54:31,395 INFO  - Client C4-8E-8F-B0-48-13-pub connected
2016-03-08 14:54:31,400 INFO  - Client C4-8E-8F-B0-48-13-pub set Last Will and Testament. Topic: "home/LWT", Payload: "[73, 39, 109, 32, 103, 111, 110, 101, 32, 58, 40]", QoS: 0, retain: false
2016-03-08 14:54:31,611 INFO  - Client C4-8E-8F-B0-48-13-pub sent a message to topic "home/brightness": "84%" (QoS: 1, retained: false)
2016-03-08 14:54:32,189 INFO  - Client C4-8E-8F-B0-48-13-pub sent a message to topic "home/temperature": "25?C" (QoS: 1, retained: false)
2016-03-08 14:54:35,200 INFO  - Client C4-8E-8F-B0-48-13-sub connected
2016-03-08 14:54:35,249 INFO  - Subscribe from client C4-8E-8F-B0-48-13-sub received: home/temperature QoS: 1
2016-03-08 14:54:37,243 INFO  - Client C4-8E-8F-B0-48-13-pub sent a message to topic "home/brightness": "60%" (QoS: 1, retained: false)
2016-03-08 14:54:37,815 INFO  - Client C4-8E-8F-B0-48-13-pub sent a message to topic "home/temperature": "30?C" (QoS: 1, retained: false)
2016-03-08 14:54:42,879 INFO  - Client C4-8E-8F-B0-48-13-pub sent a message to topic "home/brightness": "63%" (QoS: 1, retained: false)
2016-03-08 14:54:43,443 INFO  - Client C4-8E-8F-B0-48-13-pub sent a message to topic "home/temperature": "24?C" (QoS: 1, retained: false)
2016-03-08 14:54:48,524 INFO  - Client C4-8E-8F-B0-48-13-pub sent a message to topic "home/brightness": "99%" (QoS: 1, retained: false)
2016-03-08 14:54:49,104 INFO  - Client C4-8E-8F-B0-48-13-pub sent a message to topic "home/temperature": "22?C" (QoS: 1, retained: false)
2016-03-08 14:54:50,761 INFO  - Client C4-8E-8F-B0-48-13-sub disconnected
2016-03-08 14:54:52,807 INFO  - Client C4-8E-8F-B0-48-13-pub disconnected
2016-03-08 14:56:26,475 INFO  - Client C4-8E-8F-B0-48-13-sub connected
2016-03-08 14:56:26,527 INFO  - Subscribe from client C4-8E-8F-B0-48-13-sub received: home/temperature QoS: 1
2016-03-08 14:56:48,522 INFO  - Client C4-8E-8F-B0-48-13-sub disconnected
2016-03-08 15:09:46,510 INFO  - Client C4-8E-8F-B0-48-13-pub connected
2016-03-08 15:09:46,513 INFO  - Client C4-8E-8F-B0-48-13-pub set Last Will and Testament. Topic: "home/LWT", Payload: "[73, 39, 109, 32, 103, 111, 110, 101, 32, 58, 40]", QoS: 0, retain: false
2016-03-08 15:09:46,625 INFO  - Client C4-8E-8F-B0-48-13-pub sent a message to topic "home/brightness": "16%" (QoS: 1, retained: false)
2016-03-08 15:09:47,208 INFO  - Client C4-8E-8F-B0-48-13-pub sent a message to topic "home/temperature": "30?C" (QoS: 1, retained: false)
2016-03-08 15:09:52,382 INFO  - Client C4-8E-8F-B0-48-13-pub sent a message to topic "home/brightness": "96%" (QoS: 1, retained: false)
2016-03-08 15:09:52,948 INFO  - Client C4-8E-8F-B0-48-13-pub sent a message to topic "home/temperature": "27?C" (QoS: 1, retained: false)
2016-03-08 15:09:54,968 INFO  - Client C4-8E-8F-B0-48-13-sub connected
2016-03-08 15:09:55,020 INFO  - Subscribe from client C4-8E-8F-B0-48-13-sub received: home/temperature QoS: 1
2016-03-08 15:09:58,045 INFO  - Client C4-8E-8F-B0-48-13-pub sent a message to topic "home/brightness": "53%" (QoS: 1, retained: false)
2016-03-08 15:09:58,662 INFO  - Client C4-8E-8F-B0-48-13-pub sent a message to topic "home/temperature": "26?C" (QoS: 1, retained: false)
2016-03-08 15:10:03,747 INFO  - Client C4-8E-8F-B0-48-13-pub sent a message to topic "home/brightness": "15%" (QoS: 1, retained: false)
2016-03-08 15:10:04,366 INFO  - Client C4-8E-8F-B0-48-13-pub sent a message to topic "home/temperature": "30?C" (QoS: 1, retained: false)
2016-03-08 15:10:09,490 INFO  - Client C4-8E-8F-B0-48-13-pub sent a message to topic "home/brightness": "22%" (QoS: 1, retained: false)
2016-03-08 15:10:10,093 INFO  - Client C4-8E-8F-B0-48-13-pub sent a message to topic "home/temperature": "28?C" (QoS: 1, retained: false)
2016-03-08 15:10:15,207 INFO  - Client C4-8E-8F-B0-48-13-pub sent a message to topic "home/brightness": "91%" (QoS: 1, retained: false)
2016-03-08 15:10:15,817 INFO  - Client C4-8E-8F-B0-48-13-pub sent a message to topic "home/temperature": "23?C" (QoS: 1, retained: false)
2016-03-08 15:10:18,849 INFO  - Client C4-8E-8F-B0-48-13-sub disconnected
2016-03-08 15:10:20,920 INFO  - Client C4-8E-8F-B0-48-13-pub sent a message to topic "home/brightness": "62%" (QoS: 1, retained: false)
2016-03-08 15:10:21,545 INFO  - Client C4-8E-8F-B0-48-13-pub sent a message to topic "home/temperature": "27?C" (QoS: 1, retained: false)
2016-03-08 15:10:21,793 INFO  - Client C4-8E-8F-B0-48-13-pub disconnected
2016-03-08 15:13:46,047 INFO  - Client C4-8E-8F-B0-48-13-pub connected
2016-03-08 15:13:46,047 INFO  - Client C4-8E-8F-B0-48-13-pub set Last Will and Testament. Topic: "home/LWT", Payload: "[73, 39, 109, 32, 103, 111, 110, 101, 32, 58, 40]", QoS: 0, retain: false
2016-03-08 15:13:46,266 INFO  - Client C4-8E-8F-B0-48-13-pub sent a message to topic "home/brightness": "83%" (QoS: 1, retained: false)
2016-03-08 15:13:46,916 INFO  - Client C4-8E-8F-B0-48-13-pub sent a message to topic "home/temperature": "21?C" (QoS: 1, retained: false)
2016-03-08 15:13:52,010 INFO  - Client C4-8E-8F-B0-48-13-pub sent a message to topic "home/brightness": "13%" (QoS: 1, retained: false)
2016-03-08 15:13:52,562 INFO  - Client C4-8E-8F-B0-48-13-pub sent a message to topic "home/temperature": "22?C" (QoS: 1, retained: false)
2016-03-08 15:13:57,697 INFO  - Client C4-8E-8F-B0-48-13-pub sent a message to topic "home/brightness": "36%" (QoS: 1, retained: false)
2016-03-08 15:13:58,345 INFO  - Client C4-8E-8F-B0-48-13-pub sent a message to topic "home/temperature": "29?C" (QoS: 1, retained: false)
2016-03-08 15:14:03,482 INFO  - Client C4-8E-8F-B0-48-13-pub sent a message to topic "home/brightness": "89%" (QoS: 1, retained: false)
2016-03-08 15:14:04,065 INFO  - Client C4-8E-8F-B0-48-13-pub sent a message to topic "home/temperature": "25?C" (QoS: 1, retained: false)
2016-03-08 15:14:09,128 INFO  - Client C4-8E-8F-B0-48-13-pub sent a message to topic "home/brightness": "63%" (QoS: 1, retained: false)
2016-03-08 15:14:09,767 INFO  - Client C4-8E-8F-B0-48-13-pub sent a message to topic "home/temperature": "22?C" (QoS: 1, retained: false)
2016-03-08 15:14:14,900 INFO  - Client C4-8E-8F-B0-48-13-pub sent a message to topic "home/brightness": "63%" (QoS: 1, retained: false)
2016-03-08 15:14:15,093 INFO  - Client C4-8E-8F-B0-48-13-pub disconnected
2016-03-08 15:15:40,262 INFO  - Client C4-8E-8F-B0-48-13-pub connected
2016-03-08 15:15:40,262 INFO  - Client C4-8E-8F-B0-48-13-pub set Last Will and Testament. Topic: "home/LWT", Payload: "[73, 39, 109, 32, 103, 111, 110, 101, 32, 58, 40]", QoS: 0, retain: false
2016-03-08 15:15:40,493 INFO  - Client C4-8E-8F-B0-48-13-pub sent a message to topic "home/brightness": "0%" (QoS: 1, retained: false)
2016-03-08 15:15:41,133 INFO  - Client C4-8E-8F-B0-48-13-pub sent a message to topic "home/temperature": "25?C" (QoS: 1, retained: false)
2016-03-08 15:15:46,189 INFO  - Client C4-8E-8F-B0-48-13-pub sent a message to topic "home/brightness": "58%" (QoS: 1, retained: false)
2016-03-08 15:15:46,755 INFO  - Client C4-8E-8F-B0-48-13-pub sent a message to topic "home/temperature": "30?C" (QoS: 1, retained: false)
2016-03-08 15:15:48,380 INFO  - Client C4-8E-8F-B0-48-13-pub disconnected
2016-03-08 15:18:14,241 INFO  - Client C4-8E-8F-B0-48-13-pub connected
2016-03-08 15:18:14,245 INFO  - Client C4-8E-8F-B0-48-13-pub set Last Will and Testament. Topic: "home/LWT", Payload: "[73, 39, 109, 32, 103, 111, 110, 101, 32, 58, 40]", QoS: 0, retain: false
2016-03-08 15:18:14,409 INFO  - Client C4-8E-8F-B0-48-13-pub sent a message to topic "home/brightness": "52%" (QoS: 1, retained: false)
2016-03-08 15:18:15,011 INFO  - Client C4-8E-8F-B0-48-13-pub sent a message to topic "home/temperature": "27?C" (QoS: 1, retained: false)
2016-03-08 15:18:20,084 INFO  - Client C4-8E-8F-B0-48-13-pub sent a message to topic "home/brightness": "75%" (QoS: 1, retained: false)
2016-03-08 15:18:20,304 INFO  - Client C4-8E-8F-B0-48-13-pub disconnected
2016-03-08 15:19:38,361 INFO  - Client C4-8E-8F-B0-48-13-pub connected
2016-03-08 15:19:38,362 INFO  - Client C4-8E-8F-B0-48-13-pub set Last Will and Testament. Topic: "home/LWT", Payload: "[73, 39, 109, 32, 103, 111, 110, 101, 32, 58, 40]", QoS: 0, retain: false
2016-03-08 15:19:38,474 INFO  - Client C4-8E-8F-B0-48-13-pub sent a message to topic "home/brightness": "87%" (QoS: 1, retained: false)
2016-03-08 15:19:39,069 INFO  - Client C4-8E-8F-B0-48-13-pub sent a message to topic "home/temperature": "29?C" (QoS: 1, retained: false)
2016-03-08 15:19:42,759 INFO  - Client C4-8E-8F-B0-48-13-sub connected
2016-03-08 15:19:42,897 INFO  - Subscribe from client C4-8E-8F-B0-48-13-sub received: home/temperature QoS: 1
2016-03-08 15:19:44,177 INFO  - Client C4-8E-8F-B0-48-13-pub sent a message to topic "home/brightness": "26%" (QoS: 1, retained: false)
2016-03-08 15:19:44,766 INFO  - Client C4-8E-8F-B0-48-13-pub sent a message to topic "home/temperature": "21?C" (QoS: 1, retained: false)
2016-03-08 15:19:49,842 INFO  - Client C4-8E-8F-B0-48-13-pub sent a message to topic "home/brightness": "94%" (QoS: 1, retained: false)
2016-03-08 15:19:50,422 INFO  - Client C4-8E-8F-B0-48-13-pub sent a message to topic "home/temperature": "25?C" (QoS: 1, retained: false)
2016-03-08 15:19:53,850 INFO  - Client C4-8E-8F-B0-48-13-sub disconnected
2016-03-08 15:19:55,508 INFO  - Client C4-8E-8F-B0-48-13-pub sent a message to topic "home/brightness": "5%" (QoS: 1, retained: false)
2016-03-08 15:19:56,069 INFO  - Client C4-8E-8F-B0-48-13-pub sent a message to topic "home/temperature": "29?C" (QoS: 1, retained: false)
2016-03-08 15:19:58,625 INFO  - Client C4-8E-8F-B0-48-13-pub disconnected
2016-03-08 15:23:41,124 INFO  - Client C4-8E-8F-B0-48-13-pub connected
2016-03-08 15:23:41,128 INFO  - Client C4-8E-8F-B0-48-13-pub set Last Will and Testament. Topic: "home/LWT", Payload: "[73, 39, 109, 32, 103, 111, 110, 101, 32, 58, 40]", QoS: 0, retain: false
2016-03-08 15:23:41,255 INFO  - Client C4-8E-8F-B0-48-13-pub sent a message to topic "home/brightness": "33%" (QoS: 1, retained: false)
2016-03-08 15:23:41,840 INFO  - Client C4-8E-8F-B0-48-13-pub sent a message to topic "home/temperature": "25?C" (QoS: 1, retained: false)
2016-03-08 15:23:45,714 INFO  - Client C4-8E-8F-B0-48-13-sub connected
2016-03-08 15:23:45,775 INFO  - Subscribe from client C4-8E-8F-B0-48-13-sub received: home/temperature QoS: 1
2016-03-08 15:23:46,915 INFO  - Client C4-8E-8F-B0-48-13-pub sent a message to topic "home/brightness": "65%" (QoS: 1, retained: false)
2016-03-08 15:23:47,496 INFO  - Client C4-8E-8F-B0-48-13-pub sent a message to topic "home/temperature": "27?C" (QoS: 1, retained: false)
2016-03-08 15:23:52,581 INFO  - Client C4-8E-8F-B0-48-13-pub sent a message to topic "home/brightness": "42%" (QoS: 1, retained: false)
2016-03-08 15:23:53,181 INFO  - Client C4-8E-8F-B0-48-13-pub sent a message to topic "home/temperature": "30?C" (QoS: 1, retained: false)
2016-03-08 15:23:58,316 INFO  - Client C4-8E-8F-B0-48-13-pub sent a message to topic "home/brightness": "92%" (QoS: 1, retained: false)
2016-03-08 15:23:58,904 INFO  - Client C4-8E-8F-B0-48-13-pub sent a message to topic "home/temperature": "20?C" (QoS: 1, retained: false)
2016-03-08 15:24:04,034 INFO  - Client C4-8E-8F-B0-48-13-pub sent a message to topic "home/brightness": "29%" (QoS: 1, retained: false)
2016-03-08 15:24:04,681 INFO  - Client C4-8E-8F-B0-48-13-pub sent a message to topic "home/temperature": "24?C" (QoS: 1, retained: false)
2016-03-08 15:24:09,754 INFO  - Client C4-8E-8F-B0-48-13-pub sent a message to topic "home/brightness": "78%" (QoS: 1, retained: false)
2016-03-08 15:24:10,330 INFO  - Client C4-8E-8F-B0-48-13-pub sent a message to topic "home/temperature": "20?C" (QoS: 1, retained: false)
2016-03-08 15:24:15,456 INFO  - Client C4-8E-8F-B0-48-13-pub sent a message to topic "home/brightness": "66%" (QoS: 1, retained: false)
2016-03-08 15:24:16,062 INFO  - Client C4-8E-8F-B0-48-13-pub sent a message to topic "home/temperature": "21?C" (QoS: 1, retained: false)
2016-03-08 15:24:21,141 INFO  - Client C4-8E-8F-B0-48-13-pub sent a message to topic "home/brightness": "32%" (QoS: 1, retained: false)
2016-03-08 15:24:21,773 INFO  - Client C4-8E-8F-B0-48-13-pub sent a message to topic "home/temperature": "27?C" (QoS: 1, retained: false)
2016-03-08 15:24:26,858 INFO  - Client C4-8E-8F-B0-48-13-pub sent a message to topic "home/brightness": "50%" (QoS: 1, retained: false)
2016-03-08 15:24:27,447 INFO  - Client C4-8E-8F-B0-48-13-pub sent a message to topic "home/temperature": "21?C" (QoS: 1, retained: false)
2016-03-08 15:24:30,607 INFO  - Client C4-8E-8F-B0-48-13-sub disconnected
2016-03-08 15:24:32,363 INFO  - Client C4-8E-8F-B0-48-13-pub disconnected
2016-03-08 15:30:22,340 INFO  - Client C4-8E-8F-B0-48-13-pub connected
2016-03-08 15:30:22,340 INFO  - Client C4-8E-8F-B0-48-13-pub set Last Will and Testament. Topic: "home/LWT", Payload: "[73, 39, 109, 32, 103, 111, 110, 101, 32, 58, 40]", QoS: 0, retain: false
2016-03-08 15:30:22,609 INFO  - Client C4-8E-8F-B0-48-13-pub sent a message to topic "home/brightness": "36%" (QoS: 1, retained: false)
2016-03-08 15:30:23,269 INFO  - Client C4-8E-8F-B0-48-13-pub sent a message to topic "home/temperature": "26?C" (QoS: 1, retained: false)
2016-03-08 15:30:28,077 INFO  - Client C4-8E-8F-B0-48-13-sub connected
2016-03-08 15:30:28,123 INFO  - Subscribe from client C4-8E-8F-B0-48-13-sub received: home/temperature QoS: 1
2016-03-08 15:30:28,331 INFO  - Client C4-8E-8F-B0-48-13-pub sent a message to topic "home/brightness": "38%" (QoS: 1, retained: false)
2016-03-08 15:30:28,905 INFO  - Client C4-8E-8F-B0-48-13-pub sent a message to topic "home/temperature": "24?C" (QoS: 1, retained: false)
2016-03-08 15:30:32,771 INFO  - Client C4-8E-8F-B0-48-13-sub disconnected
2016-03-08 15:30:34,062 INFO  - Client C4-8E-8F-B0-48-13-pub sent a message to topic "home/brightness": "55%" (QoS: 1, retained: false)
2016-03-08 15:30:34,476 INFO  - Client C4-8E-8F-B0-48-13-pub disconnected
2016-03-08 15:44:37,138 INFO  - Client C4-8E-8F-B0-48-13-pub connected
2016-03-08 15:44:37,138 INFO  - Client C4-8E-8F-B0-48-13-pub set Last Will and Testament. Topic: "home/LWT", Payload: "[73, 39, 109, 32, 103, 111, 110, 101, 32, 58, 40]", QoS: 0, retain: false
2016-03-08 15:44:37,361 INFO  - Client C4-8E-8F-B0-48-13-pub sent a message to topic "home/brightness": "32%" (QoS: 1, retained: false)
2016-03-08 15:44:37,931 INFO  - Client C4-8E-8F-B0-48-13-pub sent a message to topic "home/temperature": "30?C" (QoS: 1, retained: false)
2016-03-08 15:44:43,099 INFO  - Client C4-8E-8F-B0-48-13-pub sent a message to topic "home/brightness": "13%" (QoS: 1, retained: false)
2016-03-08 15:44:43,162 INFO  - Client C4-8E-8F-B0-48-13-sub connected
2016-03-08 15:44:43,231 INFO  - Subscribe from client C4-8E-8F-B0-48-13-sub received: home/temperature QoS: 1
2016-03-08 15:44:43,732 INFO  - Client C4-8E-8F-B0-48-13-pub sent a message to topic "home/temperature": "23?C" (QoS: 1, retained: false)
2016-03-08 15:44:43,875 INFO  - Client C4-8E-8F-B0-48-13-sub disconnected
2016-03-08 15:44:45,750 INFO  - Client C4-8E-8F-B0-48-13-pub disconnected
2016-03-08 15:48:44,397 INFO  - Client C4-8E-8F-B0-48-13-pub connected
2016-03-08 15:48:44,397 INFO  - Client C4-8E-8F-B0-48-13-pub set Last Will and Testament. Topic: "home/LWT", Payload: "[73, 39, 109, 32, 103, 111, 110, 101, 32, 58, 40]", QoS: 0, retain: false
2016-03-08 15:48:44,565 INFO  - Client C4-8E-8F-B0-48-13-pub sent a message to topic "home/brightness": "51%" (QoS: 1, retained: false)
2016-03-08 15:48:45,225 INFO  - Client C4-8E-8F-B0-48-13-pub sent a message to topic "home/temperature": "21?C" (QoS: 1, retained: false)
2016-03-08 15:48:50,291 INFO  - Client C4-8E-8F-B0-48-13-pub sent a message to topic "home/brightness": "85%" (QoS: 1, retained: false)
2016-03-08 15:48:50,873 INFO  - Client C4-8E-8F-B0-48-13-pub sent a message to topic "home/temperature": "24?C" (QoS: 1, retained: false)
2016-03-08 15:48:55,993 INFO  - Client C4-8E-8F-B0-48-13-pub sent a message to topic "home/brightness": "46%" (QoS: 1, retained: false)
2016-03-08 15:48:56,653 INFO  - Client C4-8E-8F-B0-48-13-pub sent a message to topic "home/temperature": "23?C" (QoS: 1, retained: false)
2016-03-08 15:49:01,737 INFO  - Client C4-8E-8F-B0-48-13-pub sent a message to topic "home/brightness": "76%" (QoS: 1, retained: false)
2016-03-08 15:49:02,316 INFO  - Client C4-8E-8F-B0-48-13-pub sent a message to topic "home/temperature": "26?C" (QoS: 1, retained: false)
2016-03-08 15:49:02,869 INFO  - Client C4-8E-8F-B0-48-13-sub connected
2016-03-08 15:49:02,937 INFO  - Subscribe from client C4-8E-8F-B0-48-13-sub received: home/temperature QoS: 1
2016-03-08 15:49:07,396 INFO  - Client C4-8E-8F-B0-48-13-pub sent a message to topic "home/brightness": "64%" (QoS: 1, retained: false)
2016-03-08 15:49:07,981 INFO  - Client C4-8E-8F-B0-48-13-pub sent a message to topic "home/temperature": "26?C" (QoS: 1, retained: false)
2016-03-08 15:49:13,082 INFO  - Client C4-8E-8F-B0-48-13-pub sent a message to topic "home/brightness": "43%" (QoS: 1, retained: false)
2016-03-08 15:49:13,691 INFO  - Client C4-8E-8F-B0-48-13-pub sent a message to topic "home/temperature": "28?C" (QoS: 1, retained: false)
2016-03-08 15:49:16,506 INFO  - Client C4-8E-8F-B0-48-13-sub disconnected
2016-03-08 15:49:17,871 INFO  - Client C4-8E-8F-B0-48-13-pub disconnected
2016-03-08 15:49:47,043 INFO  - Client C4-8E-8F-B0-48-13-pub connected
2016-03-08 15:49:47,043 INFO  - Client C4-8E-8F-B0-48-13-pub set Last Will and Testament. Topic: "home/LWT", Payload: "[73, 39, 109, 32, 103, 111, 110, 101, 32, 58, 40]", QoS: 0, retain: false
2016-03-08 15:49:47,159 INFO  - Client C4-8E-8F-B0-48-13-pub sent a message to topic "home/brightness": "30%" (QoS: 1, retained: false)
2016-03-08 15:49:47,750 INFO  - Client C4-8E-8F-B0-48-13-pub sent a message to topic "home/temperature": "24?C" (QoS: 1, retained: false)
2016-03-08 15:49:52,843 INFO  - Client C4-8E-8F-B0-48-13-pub sent a message to topic "home/brightness": "91%" (QoS: 1, retained: false)
2016-03-08 15:49:53,465 INFO  - Client C4-8E-8F-B0-48-13-pub sent a message to topic "home/temperature": "28?C" (QoS: 1, retained: false)
2016-03-08 15:49:54,452 INFO  - Client C4-8E-8F-B0-48-13-sub connected
2016-03-08 15:49:54,540 INFO  - Subscribe from client C4-8E-8F-B0-48-13-sub received: home/temperature QoS: 1
2016-03-08 15:49:58,624 INFO  - Client C4-8E-8F-B0-48-13-pub sent a message to topic "home/brightness": "35%" (QoS: 1, retained: false)
2016-03-08 15:49:58,635 INFO  - Client C4-8E-8F-B0-48-13-sub disconnected
2016-03-08 15:49:59,193 INFO  - Client C4-8E-8F-B0-48-13-pub sent a message to topic "home/temperature": "26?C" (QoS: 1, retained: false)
2016-03-08 15:49:59,718 INFO  - Client C4-8E-8F-B0-48-13-pub disconnected
2016-03-08 15:50:36,011 INFO  - Client C4-8E-8F-B0-48-13-sub connected
2016-03-08 15:50:36,127 INFO  - Subscribe from client C4-8E-8F-B0-48-13-sub received: home/temperature QoS: 1
2016-03-08 15:50:38,286 INFO  - Client C4-8E-8F-B0-48-13-sub disconnected
2016-03-08 15:50:49,635 INFO  - Client C4-8E-8F-B0-48-13-pub connected
2016-03-08 15:50:49,654 INFO  - Client C4-8E-8F-B0-48-13-pub set Last Will and Testament. Topic: "home/LWT", Payload: "[73, 39, 109, 32, 103, 111, 110, 101, 32, 58, 40]", QoS: 0, retain: false
2016-03-08 15:50:49,820 INFO  - Client C4-8E-8F-B0-48-13-pub sent a message to topic "home/brightness": "96%" (QoS: 1, retained: false)
2016-03-08 15:50:50,413 INFO  - Client C4-8E-8F-B0-48-13-pub sent a message to topic "home/temperature": "27?C" (QoS: 1, retained: false)
2016-03-08 15:50:55,484 INFO  - Client C4-8E-8F-B0-48-13-pub sent a message to topic "home/brightness": "68%" (QoS: 1, retained: false)
2016-03-08 15:50:56,100 INFO  - Client C4-8E-8F-B0-48-13-pub sent a message to topic "home/temperature": "26?C" (QoS: 1, retained: false)
2016-03-08 15:50:56,115 INFO  - Client C4-8E-8F-B0-48-13-sub connected
2016-03-08 15:50:56,168 INFO  - Subscribe from client C4-8E-8F-B0-48-13-sub received: home/temperature QoS: 1
2016-03-08 15:51:01,148 INFO  - Client C4-8E-8F-B0-48-13-pub sent a message to topic "home/brightness": "22%" (QoS: 1, retained: false)
2016-03-08 15:51:01,712 INFO  - Client C4-8E-8F-B0-48-13-pub sent a message to topic "home/temperature": "28?C" (QoS: 1, retained: false)
2016-03-08 15:51:02,859 INFO  - Client C4-8E-8F-B0-48-13-sub disconnected
2016-03-08 15:51:06,278 INFO  - Client C4-8E-8F-B0-48-13-pub disconnected
2016-03-08 15:52:08,855 INFO  - Client C4-8E-8F-B0-48-13-pub connected
2016-03-08 15:52:08,871 INFO  - Client C4-8E-8F-B0-48-13-pub set Last Will and Testament. Topic: "home/LWT", Payload: "[73, 39, 109, 32, 103, 111, 110, 101, 32, 58, 40]", QoS: 0, retain: false
2016-03-08 15:52:09,077 INFO  - Client C4-8E-8F-B0-48-13-pub sent a message to topic "home/brightness": "16%" (QoS: 1, retained: false)
2016-03-08 15:52:09,753 INFO  - Client C4-8E-8F-B0-48-13-pub sent a message to topic "home/temperature": "22?C" (QoS: 1, retained: false)
2016-03-08 15:52:13,865 INFO  - Client C4-8E-8F-B0-48-13-sub connected
2016-03-08 15:52:13,982 INFO  - Subscribe from client C4-8E-8F-B0-48-13-sub received: home/temperature QoS: 1
2016-03-08 15:52:14,820 INFO  - Client C4-8E-8F-B0-48-13-pub sent a message to topic "home/brightness": "88%" (QoS: 1, retained: false)
2016-03-08 15:52:15,452 INFO  - Client C4-8E-8F-B0-48-13-pub sent a message to topic "home/temperature": "20?C" (QoS: 1, retained: false)
2016-03-08 15:52:16,424 INFO  - Client C4-8E-8F-B0-48-13-sub disconnected
2016-03-08 15:52:20,583 INFO  - Client C4-8E-8F-B0-48-13-pub sent a message to topic "home/brightness": "35%" (QoS: 1, retained: false)
2016-03-08 15:52:21,214 INFO  - Client C4-8E-8F-B0-48-13-pub sent a message to topic "home/temperature": "30?C" (QoS: 1, retained: false)
2016-03-08 15:52:22,574 INFO  - Client C4-8E-8F-B0-48-13-pub disconnected
2016-03-08 15:54:33,823 INFO  - Client C4-8E-8F-B0-48-13-pub connected
2016-03-08 15:54:33,827 INFO  - Client C4-8E-8F-B0-48-13-pub set Last Will and Testament. Topic: "home/LWT", Payload: "[73, 39, 109, 32, 103, 111, 110, 101, 32, 58, 40]", QoS: 0, retain: false
2016-03-08 15:54:33,939 INFO  - Client C4-8E-8F-B0-48-13-pub sent a message to topic "home/brightness": "94%" (QoS: 1, retained: false)
2016-03-08 15:54:34,606 INFO  - Client C4-8E-8F-B0-48-13-pub sent a message to topic "home/temperature": "29?C" (QoS: 1, retained: false)
2016-03-08 15:54:39,054 INFO  - Client C4-8E-8F-B0-48-13-sub connected
2016-03-08 15:54:39,125 INFO  - Subscribe from client C4-8E-8F-B0-48-13-sub received: home/temperature QoS: 1
2016-03-08 15:54:39,737 INFO  - Client C4-8E-8F-B0-48-13-pub sent a message to topic "home/brightness": "14%" (QoS: 1, retained: false)
2016-03-08 15:54:40,423 INFO  - Client C4-8E-8F-B0-48-13-pub sent a message to topic "home/temperature": "23?C" (QoS: 1, retained: false)
2016-03-08 15:54:45,487 INFO  - Client C4-8E-8F-B0-48-13-pub sent a message to topic "home/brightness": "85%" (QoS: 1, retained: false)
2016-03-08 15:54:46,061 INFO  - Client C4-8E-8F-B0-48-13-pub sent a message to topic "home/temperature": "20?C" (QoS: 1, retained: false)
2016-03-08 15:54:48,111 INFO  - Client C4-8E-8F-B0-48-13-sub disconnected
2016-03-08 15:54:49,090 INFO  - Client C4-8E-8F-B0-48-13-pub disconnected
2016-03-08 15:55:10,304 INFO  - Client C4-8E-8F-B0-48-13-pub connected
2016-03-08 15:55:10,308 INFO  - Client C4-8E-8F-B0-48-13-pub set Last Will and Testament. Topic: "home/LWT", Payload: "[73, 39, 109, 32, 103, 111, 110, 101, 32, 58, 40]", QoS: 0, retain: false
2016-03-08 15:55:10,470 INFO  - Client C4-8E-8F-B0-48-13-pub sent a message to topic "home/brightness": "15%" (QoS: 1, retained: false)
2016-03-08 15:55:11,107 INFO  - Client C4-8E-8F-B0-48-13-pub sent a message to topic "home/temperature": "26?C" (QoS: 1, retained: false)
2016-03-08 15:55:16,233 INFO  - Client C4-8E-8F-B0-48-13-pub sent a message to topic "home/brightness": "74%" (QoS: 1, retained: false)
2016-03-08 15:55:16,848 INFO  - Client C4-8E-8F-B0-48-13-pub sent a message to topic "home/temperature": "22?C" (QoS: 1, retained: false)
2016-03-08 15:55:21,899 INFO  - Client C4-8E-8F-B0-48-13-pub sent a message to topic "home/brightness": "64%" (QoS: 1, retained: false)
2016-03-08 15:55:22,528 INFO  - Client C4-8E-8F-B0-48-13-pub sent a message to topic "home/temperature": "24?C" (QoS: 1, retained: false)
2016-03-08 15:55:27,642 INFO  - Client C4-8E-8F-B0-48-13-pub sent a message to topic "home/brightness": "54%" (QoS: 1, retained: false)
2016-03-08 15:55:28,201 INFO  - Client C4-8E-8F-B0-48-13-pub sent a message to topic "home/temperature": "28?C" (QoS: 1, retained: false)
2016-03-08 15:55:31,413 INFO  - Client C4-8E-8F-B0-48-13-sub connected
2016-03-08 15:55:31,469 INFO  - Subscribe from client C4-8E-8F-B0-48-13-sub received: home/temperature QoS: 1
2016-03-08 15:55:33,272 INFO  - Client C4-8E-8F-B0-48-13-pub sent a message to topic "home/brightness": "77%" (QoS: 1, retained: false)
2016-03-08 15:55:33,906 INFO  - Client C4-8E-8F-B0-48-13-pub sent a message to topic "home/temperature": "21?C" (QoS: 1, retained: false)
2016-03-08 15:55:39,038 INFO  - Client C4-8E-8F-B0-48-13-pub sent a message to topic "home/brightness": "69%" (QoS: 1, retained: false)
2016-03-08 15:55:39,603 INFO  - Client C4-8E-8F-B0-48-13-pub sent a message to topic "home/temperature": "26?C" (QoS: 1, retained: false)
2016-03-08 15:55:42,375 INFO  - Client C4-8E-8F-B0-48-13-sub disconnected
2016-03-08 15:55:43,264 INFO  - Client C4-8E-8F-B0-48-13-pub disconnected
2016-03-08 15:56:20,114 INFO  - Client C4-8E-8F-B0-48-13-pub connected
2016-03-08 15:56:20,117 INFO  - Client C4-8E-8F-B0-48-13-pub set Last Will and Testament. Topic: "home/LWT", Payload: "[73, 39, 109, 32, 103, 111, 110, 101, 32, 58, 40]", QoS: 0, retain: false
2016-03-08 15:56:20,269 INFO  - Client C4-8E-8F-B0-48-13-pub sent a message to topic "home/brightness": "12%" (QoS: 1, retained: false)
2016-03-08 15:56:20,938 INFO  - Client C4-8E-8F-B0-48-13-pub sent a message to topic "home/temperature": "20?C" (QoS: 1, retained: false)
2016-03-08 15:56:26,539 INFO  - Client C4-8E-8F-B0-48-13-pub sent a message to topic "home/brightness": "75%" (QoS: 1, retained: false)
2016-03-08 15:56:26,590 INFO  - Client C4-8E-8F-B0-48-13-pub sent a message to topic "home/temperature": "28?C" (QoS: 1, retained: false)
2016-03-08 15:56:30,416 INFO  - Client C4-8E-8F-B0-48-13-sub connected
2016-03-08 15:56:30,463 INFO  - Subscribe from client C4-8E-8F-B0-48-13-sub received: home/# QoS: 1
2016-03-08 15:56:31,668 INFO  - Client C4-8E-8F-B0-48-13-pub sent a message to topic "home/brightness": "71%" (QoS: 1, retained: false)
2016-03-08 15:56:32,223 INFO  - Client C4-8E-8F-B0-48-13-pub sent a message to topic "home/temperature": "26?C" (QoS: 1, retained: false)
2016-03-08 15:56:37,312 INFO  - Client C4-8E-8F-B0-48-13-pub sent a message to topic "home/brightness": "80%" (QoS: 1, retained: false)
2016-03-08 15:56:37,870 INFO  - Client C4-8E-8F-B0-48-13-pub sent a message to topic "home/temperature": "21?C" (QoS: 1, retained: false)
2016-03-08 15:56:42,921 INFO  - Client C4-8E-8F-B0-48-13-pub sent a message to topic "home/brightness": "93%" (QoS: 1, retained: false)
2016-03-08 15:56:43,507 INFO  - Client C4-8E-8F-B0-48-13-pub sent a message to topic "home/temperature": "21?C" (QoS: 1, retained: false)
2016-03-08 15:56:43,559 INFO  - Client C4-8E-8F-B0-48-13-sub disconnected
2016-03-08 15:56:46,440 INFO  - Client C4-8E-8F-B0-48-13-pub disconnected
2016-03-08 15:57:04,382 INFO  - Client C4-8E-8F-B0-48-13-pub connected
2016-03-08 15:57:04,385 INFO  - Client C4-8E-8F-B0-48-13-pub set Last Will and Testament. Topic: "home/LWT", Payload: "[73, 39, 109, 32, 103, 111, 110, 101, 32, 58, 40]", QoS: 0, retain: false
2016-03-08 15:57:04,542 INFO  - Client C4-8E-8F-B0-48-13-pub sent a message to topic "home/brightness": "63%" (QoS: 1, retained: false)
2016-03-08 15:57:05,119 INFO  - Client C4-8E-8F-B0-48-13-pub sent a message to topic "home/temperature": "30?C" (QoS: 1, retained: false)
2016-03-08 15:57:08,145 INFO  - Client C4-8E-8F-B0-48-13-sub connected
2016-03-08 15:57:08,243 INFO  - Subscribe from client C4-8E-8F-B0-48-13-sub received: home/# QoS: 1
2016-03-08 15:57:10,011 INFO  - Client C4-8E-8F-B0-48-13-sub disconnected
2016-03-08 15:57:10,177 INFO  - Client C4-8E-8F-B0-48-13-pub sent a message to topic "home/brightness": "53%" (QoS: 1, retained: false)
2016-03-08 15:57:10,811 INFO  - Client C4-8E-8F-B0-48-13-pub sent a message to topic "home/temperature": "22?C" (QoS: 1, retained: false)
2016-03-08 15:57:11,344 INFO  - Client C4-8E-8F-B0-48-13-pub disconnected
2016-03-08 15:57:39,221 INFO  - Client C4-8E-8F-B0-48-13-pub connected
2016-03-08 15:57:39,225 INFO  - Client C4-8E-8F-B0-48-13-pub set Last Will and Testament. Topic: "home/LWT", Payload: "[73, 39, 109, 32, 103, 111, 110, 101, 32, 58, 40]", QoS: 0, retain: false
2016-03-08 15:57:39,417 INFO  - Client C4-8E-8F-B0-48-13-pub sent a message to topic "home/brightness": "13%" (QoS: 1, retained: false)
2016-03-08 15:57:40,036 INFO  - Client C4-8E-8F-B0-48-13-pub sent a message to topic "home/temperature": "20?C" (QoS: 1, retained: false)
2016-03-08 15:57:45,127 INFO  - Client C4-8E-8F-B0-48-13-sub connected
2016-03-08 15:57:45,176 INFO  - Client C4-8E-8F-B0-48-13-pub sent a message to topic "home/brightness": "42%" (QoS: 1, retained: false)
2016-03-08 15:57:45,206 INFO  - Subscribe from client C4-8E-8F-B0-48-13-sub received: home/# QoS: 1
2016-03-08 15:57:45,787 INFO  - Client C4-8E-8F-B0-48-13-pub sent a message to topic "home/temperature": "24?C" (QoS: 1, retained: false)
2016-03-08 15:57:50,848 INFO  - Client C4-8E-8F-B0-48-13-pub sent a message to topic "home/brightness": "81%" (QoS: 1, retained: false)
2016-03-08 15:57:51,433 INFO  - Client C4-8E-8F-B0-48-13-pub sent a message to topic "home/temperature": "21?C" (QoS: 1, retained: false)
2016-03-08 15:57:53,074 INFO  - Client C4-8E-8F-B0-48-13-sub disconnected
2016-03-08 15:57:56,551 INFO  - Client C4-8E-8F-B0-48-13-pub sent a message to topic "home/brightness": "23%" (QoS: 1, retained: false)
2016-03-08 15:57:57,137 INFO  - Client C4-8E-8F-B0-48-13-pub sent a message to topic "home/temperature": "30?C" (QoS: 1, retained: false)
2016-03-08 15:57:57,952 INFO  - Client C4-8E-8F-B0-48-13-pub disconnected
2016-03-08 16:06:11,303 INFO  - Client C4-8E-8F-B0-48-13-pub connected
2016-03-08 16:06:11,307 INFO  - Client C4-8E-8F-B0-48-13-pub set Last Will and Testament. Topic: "home/LWT", Payload: "[73, 39, 109, 32, 103, 111, 110, 101, 32, 58, 40]", QoS: 0, retain: false
2016-03-08 16:06:11,578 INFO  - Client C4-8E-8F-B0-48-13-pub sent a message to topic "home/brightness": "51%" (QoS: 1, retained: false)
2016-03-08 16:06:12,250 INFO  - Client C4-8E-8F-B0-48-13-pub sent a message to topic "home/temperature": "27?C" (QoS: 1, retained: false)
2016-03-08 16:06:16,834 INFO  - Client C4-8E-8F-B0-48-13-sub connected
2016-03-08 16:06:16,973 INFO  - Subscribe from client C4-8E-8F-B0-48-13-sub received: home/# QoS: 1
2016-03-08 16:06:17,330 INFO  - Client C4-8E-8F-B0-48-13-pub sent a message to topic "home/brightness": "36%" (QoS: 1, retained: false)
2016-03-08 16:06:17,912 INFO  - Client C4-8E-8F-B0-48-13-pub sent a message to topic "home/temperature": "22?C" (QoS: 1, retained: false)
2016-03-08 16:06:22,986 INFO  - Client C4-8E-8F-B0-48-13-pub sent a message to topic "home/brightness": "96%" (QoS: 1, retained: false)
2016-03-08 16:06:23,550 INFO  - Client C4-8E-8F-B0-48-13-pub sent a message to topic "home/temperature": "20?C" (QoS: 1, retained: false)
2016-03-08 16:06:28,646 INFO  - Client C4-8E-8F-B0-48-13-pub sent a message to topic "home/brightness": "65%" (QoS: 1, retained: false)
2016-03-08 16:06:29,227 INFO  - Client C4-8E-8F-B0-48-13-pub sent a message to topic "home/temperature": "29?C" (QoS: 1, retained: false)
2016-03-08 16:06:32,442 INFO  - Client C4-8E-8F-B0-48-13-pub disconnected
2016-03-08 16:06:33,649 INFO  - Client C4-8E-8F-B0-48-13-sub disconnected
2016-03-08 16:07:57,172 INFO  - Client C4-8E-8F-B0-48-13-pub connected
2016-03-08 16:07:57,176 INFO  - Client C4-8E-8F-B0-48-13-pub set Last Will and Testament. Topic: "home/LWT", Payload: "[73, 39, 109, 32, 103, 111, 110, 101, 32, 58, 40]", QoS: 0, retain: false
2016-03-08 16:07:57,360 INFO  - Client C4-8E-8F-B0-48-13-pub sent a message to topic "home/brightness": "96%" (QoS: 1, retained: false)
2016-03-08 16:07:57,943 INFO  - Client C4-8E-8F-B0-48-13-pub sent a message to topic "home/temperature": "26?C" (QoS: 1, retained: false)
2016-03-08 16:08:02,518 INFO  - Client C4-8E-8F-B0-48-13-sub connected
2016-03-08 16:08:02,582 INFO  - Subscribe from client C4-8E-8F-B0-48-13-sub received: home/# QoS: 1
2016-03-08 16:08:03,058 INFO  - Client C4-8E-8F-B0-48-13-pub sent a message to topic "home/brightness": "55%" (QoS: 1, retained: false)
2016-03-08 16:08:03,616 INFO  - Client C4-8E-8F-B0-48-13-pub sent a message to topic "home/temperature": "28?C" (QoS: 1, retained: false)
2016-03-08 16:08:08,748 INFO  - Client C4-8E-8F-B0-48-13-pub sent a message to topic "home/brightness": "42%" (QoS: 1, retained: false)
2016-03-08 16:08:09,369 INFO  - Client C4-8E-8F-B0-48-13-pub sent a message to topic "home/temperature": "23?C" (QoS: 1, retained: false)
2016-03-08 16:08:11,400 INFO  - Client C4-8E-8F-B0-48-13-sub disconnected
2016-03-08 16:08:14,449 INFO  - Client C4-8E-8F-B0-48-13-pub sent a message to topic "home/brightness": "3%" (QoS: 1, retained: false)
2016-03-08 16:08:15,134 INFO  - Client C4-8E-8F-B0-48-13-pub sent a message to topic "home/temperature": "25?C" (QoS: 1, retained: false)
2016-03-08 16:08:15,530 INFO  - Client C4-8E-8F-B0-48-13-pub disconnected
2016-03-08 16:08:59,466 INFO  - Client C4-8E-8F-B0-48-13-pub connected
2016-03-08 16:08:59,470 INFO  - Client C4-8E-8F-B0-48-13-pub set Last Will and Testament. Topic: "home/LWT", Payload: "[73, 39, 109, 32, 103, 111, 110, 101, 32, 58, 40]", QoS: 0, retain: false
2016-03-08 16:08:59,613 INFO  - Client C4-8E-8F-B0-48-13-pub sent a message to topic "home/brightness": "89%" (QoS: 1, retained: false)
2016-03-08 16:09:00,303 INFO  - Client C4-8E-8F-B0-48-13-pub sent a message to topic "home/temperature": "20?C" (QoS: 1, retained: false)
2016-03-08 16:09:04,050 INFO  - Client C4-8E-8F-B0-48-13-sub connected
2016-03-08 16:09:04,126 INFO  - Subscribe from client C4-8E-8F-B0-48-13-sub received: home/# QoS: 1
2016-03-08 16:09:05,350 INFO  - Client C4-8E-8F-B0-48-13-pub sent a message to topic "home/brightness": "19%" (QoS: 1, retained: false)
2016-03-08 16:09:05,918 INFO  - Client C4-8E-8F-B0-48-13-pub sent a message to topic "home/temperature": "22?C" (QoS: 1, retained: false)
2016-03-08 16:09:07,050 INFO  - Client C4-8E-8F-B0-48-13-sub disconnected
2016-03-08 16:09:08,734 INFO  - Client C4-8E-8F-B0-48-13-pub disconnected
2016-03-08 16:10:42,084 INFO  - Client C4-8E-8F-B0-48-13-pub connected
2016-03-08 16:10:42,088 INFO  - Client C4-8E-8F-B0-48-13-pub set Last Will and Testament. Topic: "home/LWT", Payload: "[73, 39, 109, 32, 103, 111, 110, 101, 32, 58, 40]", QoS: 0, retain: false
2016-03-08 16:10:42,339 INFO  - Client C4-8E-8F-B0-48-13-pub sent a message to topic "home/brightness": "61%" (QoS: 1, retained: false)
2016-03-08 16:10:43,249 INFO  - Client C4-8E-8F-B0-48-13-pub sent a message to topic "home/temperature": "25?C" (QoS: 1, retained: false)
2016-03-08 16:10:48,331 INFO  - Client C4-8E-8F-B0-48-13-pub sent a message to topic "home/brightness": "84%" (QoS: 1, retained: false)
2016-03-08 16:10:48,937 INFO  - Client C4-8E-8F-B0-48-13-pub sent a message to topic "home/temperature": "22?C" (QoS: 1, retained: false)
2016-03-08 16:10:48,973 INFO  - Client C4-8E-8F-B0-48-13-sub connected
2016-03-08 16:10:49,029 INFO  - Subscribe from client C4-8E-8F-B0-48-13-sub received: home/# QoS: 1
2016-03-08 16:10:54,116 INFO  - Client C4-8E-8F-B0-48-13-pub sent a message to topic "home/brightness": "65%" (QoS: 1, retained: false)
2016-03-08 16:10:54,712 INFO  - Client C4-8E-8F-B0-48-13-pub sent a message to topic "home/temperature": "29?C" (QoS: 1, retained: false)
2016-03-08 16:10:56,433 INFO  - Client C4-8E-8F-B0-48-13-sub disconnected
2016-03-08 16:10:57,831 INFO  - Client C4-8E-8F-B0-48-13-pub disconnected
2016-03-08 16:11:53,566 INFO  - Client C4-8E-8F-B0-48-13-pub connected
2016-03-08 16:11:53,570 INFO  - Client C4-8E-8F-B0-48-13-pub set Last Will and Testament. Topic: "home/LWT", Payload: "[73, 39, 109, 32, 103, 111, 110, 101, 32, 58, 40]", QoS: 0, retain: false
2016-03-08 16:11:53,843 INFO  - Client C4-8E-8F-B0-48-13-pub sent a message to topic "home/brightness": "77%" (QoS: 1, retained: false)
2016-03-08 16:11:54,494 INFO  - Client C4-8E-8F-B0-48-13-pub sent a message to topic "home/temperature": "21?C" (QoS: 1, retained: false)
2016-03-08 16:11:57,529 INFO  - Client C4-8E-8F-B0-48-13-sub connected
2016-03-08 16:11:57,581 INFO  - Subscribe from client C4-8E-8F-B0-48-13-sub received: home/brightness QoS: 1
2016-03-08 16:11:59,570 INFO  - Client C4-8E-8F-B0-48-13-pub sent a message to topic "home/brightness": "40%" (QoS: 1, retained: false)
2016-03-08 16:12:00,193 INFO  - Client C4-8E-8F-B0-48-13-pub sent a message to topic "home/temperature": "28?C" (QoS: 1, retained: false)
2016-03-08 16:12:02,463 INFO  - Client C4-8E-8F-B0-48-13-pub disconnected
2016-03-08 16:12:03,676 INFO  - Client C4-8E-8F-B0-48-13-sub disconnected
2016-03-08 16:12:11,864 INFO  - Client C4-8E-8F-B0-48-13-pub connected
2016-03-08 16:12:11,867 INFO  - Client C4-8E-8F-B0-48-13-pub set Last Will and Testament. Topic: "home/LWT", Payload: "[73, 39, 109, 32, 103, 111, 110, 101, 32, 58, 40]", QoS: 0, retain: false
2016-03-08 16:12:12,041 INFO  - Client C4-8E-8F-B0-48-13-pub sent a message to topic "home/brightness": "40%" (QoS: 1, retained: false)
2016-03-08 16:12:12,633 INFO  - Client C4-8E-8F-B0-48-13-pub sent a message to topic "home/temperature": "29?C" (QoS: 1, retained: false)
2016-03-08 16:12:16,654 INFO  - Client C4-8E-8F-B0-48-13-sub connected
2016-03-08 16:12:16,782 INFO  - Subscribe from client C4-8E-8F-B0-48-13-sub received: home/brightness QoS: 1
2016-03-08 16:12:17,731 INFO  - Client C4-8E-8F-B0-48-13-pub sent a message to topic "home/brightness": "71%" (QoS: 1, retained: false)
2016-03-08 16:12:18,368 INFO  - Client C4-8E-8F-B0-48-13-pub sent a message to topic "home/temperature": "27?C" (QoS: 1, retained: false)
2016-03-08 16:12:19,892 INFO  - Client C4-8E-8F-B0-48-13-pub disconnected
2016-03-08 16:12:22,113 INFO  - Client C4-8E-8F-B0-48-13-sub disconnected
2016-03-08 16:12:41,331 INFO  - Client C4-8E-8F-B0-48-13-pub connected
2016-03-08 16:12:41,331 INFO  - Client C4-8E-8F-B0-48-13-pub set Last Will and Testament. Topic: "home/LWT", Payload: "[73, 39, 109, 32, 103, 111, 110, 101, 32, 58, 40]", QoS: 0, retain: false
2016-03-08 16:12:41,478 INFO  - Client C4-8E-8F-B0-48-13-pub sent a message to topic "home/brightness": "69%" (QoS: 1, retained: false)
2016-03-08 16:12:42,106 INFO  - Client C4-8E-8F-B0-48-13-pub sent a message to topic "home/temperature": "25?C" (QoS: 1, retained: false)
2016-03-08 16:12:44,786 INFO  - Client C4-8E-8F-B0-48-13-sub connected
2016-03-08 16:12:44,841 INFO  - Subscribe from client C4-8E-8F-B0-48-13-sub received: home/brightness QoS: 1
2016-03-08 16:12:47,222 INFO  - Client C4-8E-8F-B0-48-13-pub sent a message to topic "home/brightness": "58%" (QoS: 1, retained: false)
2016-03-08 16:12:47,800 INFO  - Client C4-8E-8F-B0-48-13-pub sent a message to topic "home/temperature": "25?C" (QoS: 1, retained: false)
2016-03-08 16:12:52,929 INFO  - Client C4-8E-8F-B0-48-13-pub sent a message to topic "home/brightness": "65%" (QoS: 1, retained: false)
2016-03-08 16:12:53,551 INFO  - Client C4-8E-8F-B0-48-13-pub sent a message to topic "home/temperature": "27?C" (QoS: 1, retained: false)
2016-03-08 16:12:56,403 INFO  - Client C4-8E-8F-B0-48-13-pub disconnected
2016-03-08 16:13:02,533 INFO  - Client C4-8E-8F-B0-48-13-sub disconnected
2016-03-08 16:14:46,301 INFO  - Client C4-8E-8F-B0-48-13-pub connected
2016-03-08 16:14:46,306 INFO  - Client C4-8E-8F-B0-48-13-pub set Last Will and Testament. Topic: "home/LWT", Payload: "[73, 39, 109, 32, 103, 111, 110, 101, 32, 58, 40]", QoS: 0, retain: false
2016-03-08 16:14:46,473 INFO  - Client C4-8E-8F-B0-48-13-pub sent a message to topic "home/brightness": "100%" (QoS: 1, retained: false)
2016-03-08 16:14:47,039 INFO  - Client C4-8E-8F-B0-48-13-pub sent a message to topic "home/temperature": "28?C" (QoS: 1, retained: false)
2016-03-08 16:14:50,672 INFO  - Client C4-8E-8F-B0-48-13-sub connected
2016-03-08 16:14:50,776 INFO  - Subscribe from client C4-8E-8F-B0-48-13-sub received: home/# QoS: 1
2016-03-08 16:14:52,230 INFO  - Client C4-8E-8F-B0-48-13-pub sent a message to topic "home/brightness": "100%" (QoS: 1, retained: false)
2016-03-08 16:14:52,790 INFO  - Client C4-8E-8F-B0-48-13-pub sent a message to topic "home/temperature": "20?C" (QoS: 1, retained: false)
2016-03-08 16:14:57,902 INFO  - Client C4-8E-8F-B0-48-13-pub sent a message to topic "home/brightness": "55%" (QoS: 1, retained: false)
2016-03-08 16:14:58,461 INFO  - Client C4-8E-8F-B0-48-13-pub sent a message to topic "home/temperature": "27?C" (QoS: 1, retained: false)
2016-03-08 16:14:59,946 INFO  - Client C4-8E-8F-B0-48-13-sub disconnected
2016-03-08 16:15:03,567 INFO  - Client C4-8E-8F-B0-48-13-pub sent a message to topic "home/brightness": "21%" (QoS: 1, retained: false)
2016-03-08 16:15:04,194 INFO  - Client C4-8E-8F-B0-48-13-pub sent a message to topic "home/temperature": "29?C" (QoS: 1, retained: false)
2016-03-08 16:15:04,838 INFO  - Client C4-8E-8F-B0-48-13-pub disconnected
2016-03-08 16:15:32,775 INFO  - Client C4-8E-8F-B0-48-13-pub connected
2016-03-08 16:15:32,779 INFO  - Client C4-8E-8F-B0-48-13-pub set Last Will and Testament. Topic: "home/LWT", Payload: "[73, 39, 109, 32, 103, 111, 110, 101, 32, 58, 40]", QoS: 0, retain: false
2016-03-08 16:15:32,946 INFO  - Client C4-8E-8F-B0-48-13-pub sent a message to topic "home/brightness": "70%" (QoS: 1, retained: false)
2016-03-08 16:15:33,531 INFO  - Client C4-8E-8F-B0-48-13-pub sent a message to topic "home/temperature": "27?C" (QoS: 1, retained: false)
2016-03-08 16:15:37,376 INFO  - Client C4-8E-8F-B0-48-13-sub connected
2016-03-08 16:15:37,424 INFO  - Subscribe from client C4-8E-8F-B0-48-13-sub received: home/# QoS: 1
2016-03-08 16:15:38,705 INFO  - Client C4-8E-8F-B0-48-13-pub sent a message to topic "home/brightness": "31%" (QoS: 1, retained: false)
2016-03-08 16:15:39,314 INFO  - Client C4-8E-8F-B0-48-13-pub sent a message to topic "home/temperature": "29?C" (QoS: 1, retained: false)
2016-03-08 16:15:44,495 INFO  - Client C4-8E-8F-B0-48-13-pub sent a message to topic "home/brightness": "88%" (QoS: 1, retained: false)
2016-03-08 16:15:45,060 INFO  - Client C4-8E-8F-B0-48-13-pub sent a message to topic "home/temperature": "29?C" (QoS: 1, retained: false)
2016-03-08 16:15:46,003 INFO  - Client C4-8E-8F-B0-48-13-sub disconnected
2016-03-08 16:15:48,159 INFO  - Client C4-8E-8F-B0-48-13-pub disconnected
2016-03-08 16:19:08,629 INFO  - Client C4-8E-8F-B0-48-13-pub connected
2016-03-08 16:19:08,633 INFO  - Client C4-8E-8F-B0-48-13-pub set Last Will and Testament. Topic: "home/LWT", Payload: "[73, 39, 109, 32, 103, 111, 110, 101, 32, 58, 40]", QoS: 0, retain: false
2016-03-08 16:19:08,739 INFO  - Client C4-8E-8F-B0-48-13-pub sent a message to topic "home/brightness": "73%" (QoS: 1, retained: false)
2016-03-08 16:19:09,363 INFO  - Client C4-8E-8F-B0-48-13-pub sent a message to topic "home/temperature": "20?C" (QoS: 1, retained: false)
2016-03-08 16:19:14,482 INFO  - Client C4-8E-8F-B0-48-13-pub sent a message to topic "home/brightness": "42%" (QoS: 1, retained: false)
2016-03-08 16:19:15,041 INFO  - Client C4-8E-8F-B0-48-13-pub sent a message to topic "home/temperature": "29?C" (QoS: 1, retained: false)
2016-03-08 16:19:17,870 INFO  - Client C4-8E-8F-B0-48-13-sub connected
2016-03-08 16:19:17,927 INFO  - Subscribe from client C4-8E-8F-B0-48-13-sub received: home/# QoS: 1
2016-03-08 16:19:20,101 INFO  - Client C4-8E-8F-B0-48-13-pub sent a message to topic "home/brightness": "44%" (QoS: 1, retained: false)
2016-03-08 16:19:20,655 INFO  - Client C4-8E-8F-B0-48-13-pub sent a message to topic "home/temperature": "20?C" (QoS: 1, retained: false)
2016-03-08 16:19:21,864 INFO  - Client C4-8E-8F-B0-48-13-sub disconnected
2016-03-08 16:19:23,539 INFO  - Client C4-8E-8F-B0-48-13-pub disconnected
2016-03-08 16:23:19,239 INFO  - Client C4-8E-8F-B0-48-13-pub connected
2016-03-08 16:23:19,243 INFO  - Client C4-8E-8F-B0-48-13-pub set Last Will and Testament. Topic: "home/LWT", Payload: "[73, 39, 109, 32, 103, 111, 110, 101, 32, 58, 40]", QoS: 0, retain: false
2016-03-08 16:23:19,404 INFO  - Client C4-8E-8F-B0-48-13-pub sent a message to topic "home/brightness": "57%" (QoS: 1, retained: false)
2016-03-08 16:23:20,039 INFO  - Client C4-8E-8F-B0-48-13-pub sent a message to topic "home/temperature": "20?C" (QoS: 1, retained: false)
2016-03-08 16:23:24,102 INFO  - Client C4-8E-8F-B0-48-13-sub connected
2016-03-08 16:23:24,218 INFO  - Subscribe from client C4-8E-8F-B0-48-13-sub received: home/# QoS: 1
2016-03-08 16:23:25,097 INFO  - Client C4-8E-8F-B0-48-13-pub sent a message to topic "home/brightness": "29%" (QoS: 1, retained: false)
2016-03-08 16:23:25,740 INFO  - Client C4-8E-8F-B0-48-13-pub sent a message to topic "home/temperature": "25?C" (QoS: 1, retained: false)
2016-03-08 16:23:28,033 INFO  - Client C4-8E-8F-B0-48-13-sub disconnected
2016-03-08 16:23:29,029 INFO  - Client C4-8E-8F-B0-48-13-pub disconnected
2016-03-08 16:28:28,858 INFO  - Client C4-8E-8F-B0-48-13-pub connected
2016-03-08 16:28:28,862 INFO  - Client C4-8E-8F-B0-48-13-pub set Last Will and Testament. Topic: "home/LWT", Payload: "[73, 39, 109, 32, 103, 111, 110, 101, 32, 58, 40]", QoS: 0, retain: false
2016-03-08 16:28:29,095 INFO  - Client C4-8E-8F-B0-48-13-pub sent a message to topic "home/brightness": "84%" (QoS: 1, retained: false)
2016-03-08 16:28:29,739 INFO  - Client C4-8E-8F-B0-48-13-pub sent a message to topic "home/temperature": "22?C" (QoS: 1, retained: false)
2016-03-08 16:28:33,413 INFO  - Client C4-8E-8F-B0-48-13-sub connected
2016-03-08 16:28:33,477 INFO  - Subscribe from client C4-8E-8F-B0-48-13-sub received: home/# QoS: 1
2016-03-08 16:28:34,800 INFO  - Client C4-8E-8F-B0-48-13-pub sent a message to topic "home/brightness": "10%" (QoS: 1, retained: false)
2016-03-08 16:28:35,424 INFO  - Client C4-8E-8F-B0-48-13-pub sent a message to topic "home/temperature": "29?C" (QoS: 1, retained: false)
2016-03-08 16:28:36,892 INFO  - Client C4-8E-8F-B0-48-13-sub disconnected
2016-03-08 16:28:38,261 INFO  - Client C4-8E-8F-B0-48-13-pub disconnected
2016-03-08 16:29:04,376 INFO  - Client C4-8E-8F-B0-48-13-pub connected
2016-03-08 16:29:04,380 INFO  - Client C4-8E-8F-B0-48-13-pub set Last Will and Testament. Topic: "home/LWT", Payload: "[73, 39, 109, 32, 103, 111, 110, 101, 32, 58, 40]", QoS: 0, retain: false
2016-03-08 16:29:04,496 INFO  - Client C4-8E-8F-B0-48-13-pub sent a message to topic "home/brightness": "88%" (QoS: 1, retained: false)
2016-03-08 16:29:05,137 INFO  - Client C4-8E-8F-B0-48-13-pub sent a message to topic "home/temperature": "30?C" (QoS: 1, retained: false)
2016-03-08 16:29:10,259 INFO  - Client C4-8E-8F-B0-48-13-pub sent a message to topic "home/brightness": "63%" (QoS: 1, retained: false)
2016-03-08 16:29:10,905 INFO  - Client C4-8E-8F-B0-48-13-pub sent a message to topic "home/temperature": "24?C" (QoS: 1, retained: false)
2016-03-08 16:29:15,137 INFO  - Client C4-8E-8F-B0-48-13-sub connected
2016-03-08 16:29:15,205 INFO  - Subscribe from client C4-8E-8F-B0-48-13-sub received: home/# QoS: 1
2016-03-08 16:29:15,969 INFO  - Client C4-8E-8F-B0-48-13-pub sent a message to topic "home/brightness": "34%" (QoS: 1, retained: false)
2016-03-08 16:29:16,538 INFO  - Client C4-8E-8F-B0-48-13-pub sent a message to topic "home/temperature": "23?C" (QoS: 1, retained: false)
2016-03-08 16:29:21,662 INFO  - Client C4-8E-8F-B0-48-13-pub sent a message to topic "home/brightness": "38%" (QoS: 1, retained: false)
2016-03-08 16:29:22,222 INFO  - Client C4-8E-8F-B0-48-13-pub sent a message to topic "home/temperature": "24?C" (QoS: 1, retained: false)
2016-03-08 16:29:22,745 INFO  - Client C4-8E-8F-B0-48-13-sub disconnected
2016-03-08 16:29:24,041 INFO  - Client C4-8E-8F-B0-48-13-pub disconnected
2016-03-08 16:47:50,600 INFO  - Starting HiveMQ Server
2016-03-08 16:47:50,615 INFO  - HiveMQ version: 3.1.0
2016-03-08 16:47:50,625 INFO  - HiveMQ home directory: C:\Users\Kevin\Downloads\hivemq-3.1.0
2016-03-08 16:47:51,430 INFO  - This node's cluster-ID is 0FcwJ
2016-03-08 16:48:06,270 INFO  - Loaded Plugin HiveMQ JMX Metrics Reporting Plugin - v3.0.0
2016-03-08 16:48:06,277 INFO  - Loaded Plugin HiveMQ Sys Topic Plugin - v3.0.0
2016-03-08 16:48:06,283 INFO  - Loaded Plugin HiveMQ MQTT Message Log Plugin - v3.0.0
2016-03-08 16:48:06,355 INFO  - JMX Metrics Reporting started.
2016-03-08 16:48:06,375 INFO  - Starting TCP listener on address 0.0.0.0 and port 1883
2016-03-08 16:48:06,657 INFO  - Started TCP Listener on address 0.0.0.0 and on port 1883
2016-03-08 16:48:06,666 INFO  - Started HiveMQ in 16055ms
2016-03-08 16:48:16,309 INFO  - No valid license file found. Using evaluation license, restricted to 25 connections.
2016-03-08 16:48:16,396 INFO  - Client C4-8E-8F-B0-48-13-pub connected
2016-03-08 16:48:16,407 INFO  - Client C4-8E-8F-B0-48-13-pub set Last Will and Testament. Topic: "home/LWT", Payload: "[73, 39, 109, 32, 103, 111, 110, 101, 32, 58, 40]", QoS: 0, retain: false
2016-03-08 16:48:16,581 INFO  - Client C4-8E-8F-B0-48-13-pub sent a message to topic "home/brightness": "8%" (QoS: 1, retained: false)
2016-03-08 16:48:17,197 INFO  - Client C4-8E-8F-B0-48-13-pub sent a message to topic "home/temperature": "26?C" (QoS: 1, retained: false)
2016-03-08 16:48:21,599 INFO  - Client C4-8E-8F-B0-48-13-sub connected
2016-03-08 16:48:21,771 INFO  - Subscribe from client C4-8E-8F-B0-48-13-sub received: home/# QoS: 1
2016-03-08 16:48:22,246 INFO  - Client C4-8E-8F-B0-48-13-pub sent a message to topic "home/brightness": "75%" (QoS: 1, retained: false)
2016-03-08 16:48:22,856 INFO  - Client C4-8E-8F-B0-48-13-pub sent a message to topic "home/temperature": "22?C" (QoS: 1, retained: false)
2016-03-08 16:48:27,932 INFO  - Client C4-8E-8F-B0-48-13-pub sent a message to topic "home/brightness": "35%" (QoS: 1, retained: false)
2016-03-08 16:48:28,574 INFO  - Client C4-8E-8F-B0-48-13-pub sent a message to topic "home/temperature": "25?C" (QoS: 1, retained: false)
2016-03-08 16:48:29,682 INFO  - Client C4-8E-8F-B0-48-13-sub disconnected
2016-03-08 16:48:33,688 INFO  - Client C4-8E-8F-B0-48-13-pub sent a message to topic "home/brightness": "91%" (QoS: 1, retained: false)
2016-03-08 16:48:34,253 INFO  - Client C4-8E-8F-B0-48-13-pub sent a message to topic "home/temperature": "20?C" (QoS: 1, retained: false)
2016-03-08 16:48:34,987 INFO  - Client C4-8E-8F-B0-48-13-pub disconnected
2016-03-08 16:49:20,882 INFO  - Client C4-8E-8F-B0-48-13-pub connected
2016-03-08 16:49:20,886 INFO  - Client C4-8E-8F-B0-48-13-pub set Last Will and Testament. Topic: "home/LWT", Payload: "[73, 39, 109, 32, 103, 111, 110, 101, 32, 58, 40]", QoS: 0, retain: false
2016-03-08 16:49:21,103 INFO  - Client C4-8E-8F-B0-48-13-pub sent a message to topic "home/brightness": "59%" (QoS: 1, retained: false)
2016-03-08 16:49:21,712 INFO  - Client C4-8E-8F-B0-48-13-pub sent a message to topic "home/temperature": "27?C" (QoS: 1, retained: false)
2016-03-08 16:49:26,781 INFO  - Client C4-8E-8F-B0-48-13-pub sent a message to topic "home/brightness": "55%" (QoS: 1, retained: false)
2016-03-08 16:49:27,598 INFO  - Client C4-8E-8F-B0-48-13-pub sent a message to topic "home/temperature": "23?C" (QoS: 1, retained: false)
2016-03-08 16:49:31,468 INFO  - Client C4-8E-8F-B0-48-13-sub connected
2016-03-08 16:49:31,557 INFO  - Subscribe from client C4-8E-8F-B0-48-13-sub received: home/# QoS: 1
2016-03-08 16:49:32,723 INFO  - Client C4-8E-8F-B0-48-13-pub sent a message to topic "home/brightness": "84%" (QoS: 1, retained: false)
2016-03-08 16:49:33,292 INFO  - Client C4-8E-8F-B0-48-13-pub sent a message to topic "home/temperature": "20?C" (QoS: 1, retained: false)
2016-03-08 16:49:38,341 INFO  - Client C4-8E-8F-B0-48-13-pub sent a message to topic "home/brightness": "91%" (QoS: 1, retained: false)
2016-03-08 16:49:38,954 INFO  - Client C4-8E-8F-B0-48-13-pub sent a message to topic "home/temperature": "29?C" (QoS: 1, retained: false)
2016-03-08 16:49:44,007 INFO  - Client C4-8E-8F-B0-48-13-pub sent a message to topic "home/brightness": "9%" (QoS: 1, retained: false)
2016-03-08 16:49:44,561 INFO  - Client C4-8E-8F-B0-48-13-pub sent a message to topic "home/temperature": "24?C" (QoS: 1, retained: false)
2016-03-08 16:49:46,656 INFO  - Client C4-8E-8F-B0-48-13-sub disconnected
2016-03-08 16:49:47,948 INFO  - Client C4-8E-8F-B0-48-13-pub disconnected
2016-03-08 16:53:14,166 INFO  - Client C4-8E-8F-B0-48-13-pub connected
2016-03-08 16:53:14,173 INFO  - Client C4-8E-8F-B0-48-13-pub set Last Will and Testament. Topic: "home/LWT", Payload: "[73, 39, 109, 32, 103, 111, 110, 101, 32, 58, 40]", QoS: 0, retain: false
2016-03-08 16:53:14,344 INFO  - Client C4-8E-8F-B0-48-13-pub sent a message to topic "home/brightness": "28%" (QoS: 1, retained: false)
2016-03-08 16:53:15,034 INFO  - Client C4-8E-8F-B0-48-13-pub sent a message to topic "home/temperature": "30?C" (QoS: 1, retained: false)
2016-03-08 16:53:19,730 INFO  - Client C4-8E-8F-B0-48-13-sub connected
2016-03-08 16:53:19,819 INFO  - Subscribe from client C4-8E-8F-B0-48-13-sub received: home/# QoS: 1
2016-03-08 16:53:20,094 INFO  - Client C4-8E-8F-B0-48-13-pub sent a message to topic "home/brightness": "44%" (QoS: 1, retained: false)
2016-03-08 16:53:20,664 INFO  - Client C4-8E-8F-B0-48-13-pub sent a message to topic "home/temperature": "23?C" (QoS: 1, retained: false)
2016-03-08 16:53:25,844 INFO  - Client C4-8E-8F-B0-48-13-pub sent a message to topic "home/brightness": "16%" (QoS: 1, retained: false)
2016-03-08 16:53:26,457 INFO  - Client C4-8E-8F-B0-48-13-pub sent a message to topic "home/temperature": "26?C" (QoS: 1, retained: false)
2016-03-08 16:53:27,485 INFO  - Client C4-8E-8F-B0-48-13-sub disconnected
2016-03-08 16:53:29,326 INFO  - Client C4-8E-8F-B0-48-13-pub disconnected
2016-03-08 16:54:06,499 INFO  - Client C4-8E-8F-B0-48-13-pub connected
2016-03-08 16:54:06,504 INFO  - Client C4-8E-8F-B0-48-13-pub set Last Will and Testament. Topic: "home/LWT", Payload: "[73, 39, 109, 32, 103, 111, 110, 101, 32, 58, 40]", QoS: 0, retain: false
2016-03-08 16:54:06,622 INFO  - Client C4-8E-8F-B0-48-13-pub sent a message to topic "home/brightness": "43%" (QoS: 1, retained: false)
2016-03-08 16:54:07,218 INFO  - Client C4-8E-8F-B0-48-13-pub sent a message to topic "home/temperature": "22?C" (QoS: 1, retained: false)
2016-03-08 16:54:12,293 INFO  - Client C4-8E-8F-B0-48-13-pub sent a message to topic "home/brightness": "1%" (QoS: 1, retained: false)
2016-03-08 16:54:12,920 INFO  - Client C4-8E-8F-B0-48-13-pub sent a message to topic "home/temperature": "21?C" (QoS: 1, retained: false)
2016-03-08 16:54:18,003 INFO  - Client C4-8E-8F-B0-48-13-pub sent a message to topic "home/brightness": "88%" (QoS: 1, retained: false)
2016-03-08 16:54:18,625 INFO  - Client C4-8E-8F-B0-48-13-pub sent a message to topic "home/temperature": "28?C" (QoS: 1, retained: false)
2016-03-08 16:54:23,742 INFO  - Client C4-8E-8F-B0-48-13-pub sent a message to topic "home/brightness": "61%" (QoS: 1, retained: false)
2016-03-08 16:54:24,352 INFO  - Client C4-8E-8F-B0-48-13-pub sent a message to topic "home/temperature": "30?C" (QoS: 1, retained: false)
2016-03-08 16:54:26,615 INFO  - Client C4-8E-8F-B0-48-13-sub connected
2016-03-08 16:54:26,731 INFO  - Subscribe from client C4-8E-8F-B0-48-13-sub received: home/# QoS: 1
2016-03-08 16:54:29,465 INFO  - Client C4-8E-8F-B0-48-13-pub sent a message to topic "home/brightness": "87%" (QoS: 1, retained: false)
2016-03-08 16:54:30,032 INFO  - Client C4-8E-8F-B0-48-13-pub sent a message to topic "home/temperature": "29?C" (QoS: 1, retained: false)
2016-03-08 16:54:35,156 INFO  - Client C4-8E-8F-B0-48-13-pub sent a message to topic "home/brightness": "77%" (QoS: 1, retained: false)
2016-03-08 16:54:35,726 INFO  - Client C4-8E-8F-B0-48-13-pub sent a message to topic "home/temperature": "28?C" (QoS: 1, retained: false)
2016-03-08 16:54:37,063 INFO  - Client C4-8E-8F-B0-48-13-sub disconnected
2016-03-08 16:54:38,422 INFO  - Client C4-8E-8F-B0-48-13-pub disconnected
2016-03-08 17:00:55,429 INFO  - Starting HiveMQ Server
2016-03-08 17:00:55,450 INFO  - HiveMQ version: 3.1.0
2016-03-08 17:00:55,469 INFO  - HiveMQ home directory: C:\Users\Kevin\Documents\6-bachelorproef\hivemq-3.1.0
2016-03-08 17:00:56,110 INFO  - This node's cluster-ID is JXxLp
2016-03-08 17:01:09,387 INFO  - Loaded Plugin HiveMQ JMX Metrics Reporting Plugin - v3.0.0
2016-03-08 17:01:09,394 INFO  - Loaded Plugin HiveMQ Sys Topic Plugin - v3.0.0
2016-03-08 17:01:09,400 INFO  - Loaded Plugin HiveMQ MQTT Message Log Plugin - v3.0.0
2016-03-08 17:01:09,448 INFO  - JMX Metrics Reporting started.
2016-03-08 17:01:09,481 INFO  - Starting TCP listener on address 0.0.0.0 and port 1883
2016-03-08 17:01:09,703 INFO  - Started TCP Listener on address 0.0.0.0 and on port 1883
2016-03-08 17:01:09,705 INFO  - Started HiveMQ in 14263ms
2016-03-08 17:01:18,588 INFO  - No valid license file found. Using evaluation license, restricted to 25 connections.
2016-03-08 17:01:18,667 INFO  - Client C4-8E-8F-B0-48-13-pub connected
2016-03-08 17:01:18,672 INFO  - Client C4-8E-8F-B0-48-13-pub set Last Will and Testament. Topic: "home/LWT", Payload: "[73, 39, 109, 32, 103, 111, 110, 101, 32, 58, 40]", QoS: 0, retain: false
2016-03-08 17:01:18,943 INFO  - Client C4-8E-8F-B0-48-13-pub sent a message to topic "home/brightness": "26%" (QoS: 1, retained: false)
2016-03-08 17:01:19,561 INFO  - Client C4-8E-8F-B0-48-13-pub sent a message to topic "home/temperature": "24?C" (QoS: 1, retained: false)
2016-03-08 17:01:24,674 INFO  - Client C4-8E-8F-B0-48-13-pub sent a message to topic "home/brightness": "100%" (QoS: 1, retained: false)
2016-03-08 17:01:25,225 INFO  - Client C4-8E-8F-B0-48-13-pub sent a message to topic "home/temperature": "30?C" (QoS: 1, retained: false)
2016-03-08 17:01:28,249 INFO  - Client C4-8E-8F-B0-48-13-sub connected
2016-03-08 17:01:28,386 INFO  - Subscribe from client C4-8E-8F-B0-48-13-sub received: home/# QoS: 1
2016-03-08 17:01:30,338 INFO  - Client C4-8E-8F-B0-48-13-pub sent a message to topic "home/brightness": "72%" (QoS: 1, retained: false)
2016-03-08 17:01:30,904 INFO  - Client C4-8E-8F-B0-48-13-pub sent a message to topic "home/temperature": "24?C" (QoS: 1, retained: false)
2016-03-08 17:01:36,020 INFO  - Client C4-8E-8F-B0-48-13-pub sent a message to topic "home/brightness": "58%" (QoS: 1, retained: false)
2016-03-08 17:01:36,585 INFO  - Client C4-8E-8F-B0-48-13-pub sent a message to topic "home/temperature": "30?C" (QoS: 1, retained: false)
2016-03-08 17:01:37,131 INFO  - Client C4-8E-8F-B0-48-13-sub disconnected
2016-03-08 17:01:38,627 INFO  - Client C4-8E-8F-B0-48-13-pub disconnected
2016-03-08 17:12:12,826 INFO  - Client C4-8E-8F-B0-48-13-pub connected
2016-03-08 17:12:12,842 INFO  - Client C4-8E-8F-B0-48-13-pub set Last Will and Testament. Topic: "home/LWT", Payload: "[73, 39, 109, 32, 103, 111, 110, 101, 32, 58, 40]", QoS: 0, retain: false
2016-03-08 17:12:13,011 INFO  - Client C4-8E-8F-B0-48-13-pub sent a message to topic "home/brightness": "41%" (QoS: 1, retained: false)
2016-03-08 17:12:13,611 INFO  - Client C4-8E-8F-B0-48-13-pub sent a message to topic "home/temperature": "29?C" (QoS: 1, retained: false)
2016-03-08 17:12:18,699 INFO  - Client C4-8E-8F-B0-48-13-pub sent a message to topic "home/brightness": "31%" (QoS: 1, retained: false)
2016-03-08 17:12:19,275 INFO  - Client C4-8E-8F-B0-48-13-pub sent a message to topic "home/temperature": "22?C" (QoS: 1, retained: false)
2016-03-08 17:12:20,578 INFO  - Client C4-8E-8F-B0-48-13-sub connected
2016-03-08 17:12:20,694 INFO  - Subscribe from client C4-8E-8F-B0-48-13-sub received: home/# QoS: 1
2016-03-08 17:12:22,778 INFO  - Client C4-8E-8F-B0-48-13-sub disconnected
2016-03-08 17:12:23,773 INFO  - Client C4-8E-8F-B0-48-13-pub disconnected
2016-03-08 17:12:35,665 INFO  - Client C4-8E-8F-B0-48-13-pub connected
2016-03-08 17:12:35,665 INFO  - Client C4-8E-8F-B0-48-13-pub set Last Will and Testament. Topic: "home/LWT", Payload: "[73, 39, 109, 32, 103, 111, 110, 101, 32, 58, 40]", QoS: 0, retain: false
2016-03-08 17:12:35,811 INFO  - Client C4-8E-8F-B0-48-13-pub sent a message to topic "home/brightness": "67%" (QoS: 1, retained: false)
2016-03-08 17:12:36,412 INFO  - Client C4-8E-8F-B0-48-13-pub sent a message to topic "home/temperature": "27?C" (QoS: 1, retained: false)
2016-03-08 17:12:40,875 INFO  - Client C4-8E-8F-B0-48-13-sub connected
2016-03-08 17:12:40,975 INFO  - Subscribe from client C4-8E-8F-B0-48-13-sub received: home/# QoS: 1
2016-03-08 17:12:41,520 INFO  - Client C4-8E-8F-B0-48-13-pub sent a message to topic "home/brightness": "8%" (QoS: 1, retained: false)
2016-03-08 17:12:42,107 INFO  - Client C4-8E-8F-B0-48-13-pub sent a message to topic "home/temperature": "30?C" (QoS: 1, retained: false)
2016-03-08 17:12:47,161 INFO  - Client C4-8E-8F-B0-48-13-pub sent a message to topic "home/brightness": "96%" (QoS: 1, retained: false)
2016-03-08 17:12:47,739 INFO  - Client C4-8E-8F-B0-48-13-pub sent a message to topic "home/temperature": "29?C" (QoS: 1, retained: false)
2016-03-08 17:12:48,848 INFO  - Client C4-8E-8F-B0-48-13-sub disconnected
2016-03-08 17:12:51,277 INFO  - Client C4-8E-8F-B0-48-13-pub disconnected
